Using pre-set license
Built from '2020.2/release' branch; Version is '2020.2.2f1 (068178b99f32) revision 426360'; Using compiler version '192528614'; Build Type 'Release'
OS: 'Windows 10 Home; OS build 19042.1165; Version 2009; 64bit' Language: 'en' Physical Memory: 16326 MB
BatchMode: 1, IsHumanControllingUs: 0, StartBugReporterOnCrash: 0, Is64bit: 1, IsPro: 0

 COMMAND LINE ARGUMENTS:
C:\Program Files\Unity\Hub\Editor\2020.2.2f1\Editor\Unity.exe
-adb2
-batchMode
-noUpm
-name
AssetImportWorker0
-projectPath
C:/Users/Sold Smyth/Documents/GitHub/RevengeOfThePiggies/New Unity Project (1)
-logFile
Logs/AssetImportWorker0.log
-srvPort
49510
Successfully changed project path to: C:/Users/Sold Smyth/Documents/GitHub/RevengeOfThePiggies/New Unity Project (1)
C:/Users/Sold Smyth/Documents/GitHub/RevengeOfThePiggies/New Unity Project (1)
Using Asset Import Pipeline V2.
Refreshing native plugins compatible for Editor in 24.79 ms, found 0 plugins.
Preloading 0 native plugins for Editor in 0.00 ms.
Initialize engine version: 2020.2.2f1 (068178b99f32)
[Subsystems] Discovering subsystems at path C:/Program Files/Unity/Hub/Editor/2020.2.2f1/Editor/Data/Resources/UnitySubsystems
[Subsystems] Discovering subsystems at path C:/Users/Sold Smyth/Documents/GitHub/RevengeOfThePiggies/New Unity Project (1)/Assets
GfxDevice: creating device client; threaded=0
Direct3D:
    Version:  Direct3D 11.0 [level 11.1]
    Renderer: NVIDIA GeForce GTX 1070 (ID=0x1b81)
    Vendor:   
    VRAM:     8088 MB
    Driver:   27.21.14.6079
Initialize mono
Mono path[0] = 'C:/Program Files/Unity/Hub/Editor/2020.2.2f1/Editor/Data/Managed'
Mono path[1] = 'C:/Program Files/Unity/Hub/Editor/2020.2.2f1/Editor/Data/MonoBleedingEdge/lib/mono/unityjit'
Mono config path = 'C:/Program Files/Unity/Hub/Editor/2020.2.2f1/Editor/Data/MonoBleedingEdge/etc'
Using monoOptions --debugger-agent=transport=dt_socket,embedding=1,server=y,suspend=n,address=127.0.0.1:56716
Begin MonoManager ReloadAssembly
Registering precompiled unity dll's ...
Register platform support module: C:/Program Files/Unity/Hub/Editor/2020.2.2f1/Editor/Data/PlaybackEngines/WindowsStandaloneSupport/UnityEditor.WindowsStandalone.Extensions.dll
Registered in 0.003139 seconds.
Native extension for WindowsStandalone target not found
Refreshing native plugins compatible for Editor in 28.04 ms, found 0 plugins.
Preloading 0 native plugins for Editor in 0.00 ms.
Invoked RoslynAnalysisRunner static constructor.
RoslynAnalysisRunner will not be running.
RoslynAnalysisRunner has terminated.
Mono: successfully reloaded assembly
- Completed reload, in  1.281 seconds
Platform modules already initialized, skipping
Registering precompiled user dll's ...
Registered in 0.001277 seconds.
Begin MonoManager ReloadAssembly
Native extension for WindowsStandalone target not found
Refreshing native plugins compatible for Editor in 0.27 ms, found 0 plugins.
Preloading 0 native plugins for Editor in 0.00 ms.
Invoked RoslynAnalysisRunner static constructor.
RoslynAnalysisRunner will not be running.
RoslynAnalysisRunner has terminated.
Mono: successfully reloaded assembly
- Completed reload, in  0.860 seconds
Platform modules already initialized, skipping
========================================================================
Worker process is ready to serve import requests
Launched and connected shader compiler UnityShaderCompiler.exe after 0.06 seconds
Refreshing native plugins compatible for Editor in 0.17 ms, found 0 plugins.
Preloading 0 native plugins for Editor in 0.00 ms.
Unloading 1099 Unused Serialized files (Serialized files now loaded: 0)
System memory in use before: 56.8 MB.
System memory in use after: 56.9 MB.

Unloading 10 unused Assets to reduce memory usage. Loaded Objects now: 1540.
Total: 1.618800 ms (FindLiveObjects: 0.122000 ms CreateObjectMapping: 0.036000 ms MarkObjects: 1.395200 ms  DeleteObjects: 0.064500 ms)

========================================================================
Received Import Request.
  path: Assets/3.png
  artifactKey: Guid(d7aab6e852af1304093f06007d318b67) Importer(815301076,1909f56bfc062723c751e8b465ee728b)
Start importing Assets/3.png using Guid(d7aab6e852af1304093f06007d318b67) Importer(815301076,1909f56bfc062723c751e8b465ee728b)  -> (artifact id: '066a2a6c64d39dea6b7c49c110f0fc70') in 0.165928 seconds
  Import took 0.168063 seconds .

========================================================================
Received Import Request.
  Time since last request: 0.000890 seconds.
  path: Assets/8.png
  artifactKey: Guid(cab7ba7b409c1f14b9e52d08da2aaf2b) Importer(815301076,1909f56bfc062723c751e8b465ee728b)
Start importing Assets/8.png using Guid(cab7ba7b409c1f14b9e52d08da2aaf2b) Importer(815301076,1909f56bfc062723c751e8b465ee728b)  -> (artifact id: '4cb4ba36ceac250223ffde768000988b') in 0.016016 seconds
  Import took 0.018634 seconds .

========================================================================
Received Import Request.
  Time since last request: 0.000926 seconds.
  path: Assets/1.png
  artifactKey: Guid(466a59e1091e5284e9f885c626b90243) Importer(815301076,1909f56bfc062723c751e8b465ee728b)
Start importing Assets/1.png using Guid(466a59e1091e5284e9f885c626b90243) Importer(815301076,1909f56bfc062723c751e8b465ee728b)  -> (artifact id: '82bb8bcbcc8758d999d788ef9bf8bbcf') in 0.015167 seconds
  Import took 0.022826 seconds .

========================================================================
Received Import Request.
  Time since last request: 0.000717 seconds.
  path: Assets/11.png
  artifactKey: Guid(9958fddb13be53e43aad3fd118831065) Importer(815301076,1909f56bfc062723c751e8b465ee728b)
Start importing Assets/11.png using Guid(9958fddb13be53e43aad3fd118831065) Importer(815301076,1909f56bfc062723c751e8b465ee728b)  -> (artifact id: '5e4e58c048c54482bbffae59d8e3b9e6') in 0.017394 seconds
  Import took 0.019535 seconds .

========================================================================
Received Import Request.
  Time since last request: 0.000929 seconds.
  path: Assets/4.png
  artifactKey: Guid(f0fab5c1f2d5ff943808742f4bd95f15) Importer(815301076,1909f56bfc062723c751e8b465ee728b)
Start importing Assets/4.png using Guid(f0fab5c1f2d5ff943808742f4bd95f15) Importer(815301076,1909f56bfc062723c751e8b465ee728b)  -> (artifact id: '0b965310a3b9d3b6c59ae64bc715acae') in 0.013242 seconds
  Import took 0.015928 seconds .

========================================================================
Received Import Request.
  Time since last request: 0.000747 seconds.
  path: Assets/10.png
  artifactKey: Guid(6f4c4a00957a36441b580f9857b033bd) Importer(815301076,1909f56bfc062723c751e8b465ee728b)
Start importing Assets/10.png using Guid(6f4c4a00957a36441b580f9857b033bd) Importer(815301076,1909f56bfc062723c751e8b465ee728b)  -> (artifact id: 'b9be1c01716f81db52a0b64dce11f456') in 0.014313 seconds
  Import took 0.016283 seconds .

========================================================================
Received Import Request.
  Time since last request: 0.000918 seconds.
  path: Assets/9.png
  artifactKey: Guid(6fe20feb280d60f4186a5536fa1c8907) Importer(815301076,1909f56bfc062723c751e8b465ee728b)
Start importing Assets/9.png using Guid(6fe20feb280d60f4186a5536fa1c8907) Importer(815301076,1909f56bfc062723c751e8b465ee728b)  -> (artifact id: 'cb437136d3552f2fa0396093f688decf') in 0.212485 seconds
  Import took 0.215091 seconds .

========================================================================
Received Import Request.
  Time since last request: 0.001009 seconds.
  path: Assets/2.png
  artifactKey: Guid(c3ad2789da808f541a1b0a81b13009eb) Importer(815301076,1909f56bfc062723c751e8b465ee728b)
Start importing Assets/2.png using Guid(c3ad2789da808f541a1b0a81b13009eb) Importer(815301076,1909f56bfc062723c751e8b465ee728b)  -> (artifact id: '01cb3619a67c78fd8dac5d82afebc009') in 0.013381 seconds
  Import took 0.019352 seconds .

========================================================================
Received Import Request.
  Time since last request: 13.035674 seconds.
  path: Assets/Textures/Square.png
  artifactKey: Guid(751a88a34f3b03640a6d274aad7b1818) Importer(815301076,1909f56bfc062723c751e8b465ee728b)
Start importing Assets/Textures/Square.png using Guid(751a88a34f3b03640a6d274aad7b1818) Importer(815301076,1909f56bfc062723c751e8b465ee728b)  -> (artifact id: '6e58105ead1745dcd2bc25d158f9fe0f') in 0.012435 seconds
  Import took 0.014470 seconds .

========================================================================
Received Import Request.
  Time since last request: 0.002288 seconds.
  path: Assets/Textures/2DWoodOldLadder.png
  artifactKey: Guid(8fa10ef48f32546429a428e427fab31f) Importer(815301076,1909f56bfc062723c751e8b465ee728b)
Start importing Assets/Textures/2DWoodOldLadder.png using Guid(8fa10ef48f32546429a428e427fab31f) Importer(815301076,1909f56bfc062723c751e8b465ee728b)  -> (artifact id: '148b063ad61671ba39e079d931d0ec08') in 0.013379 seconds
  Import took 0.015974 seconds .

========================================================================
Received Import Request.
  Time since last request: 0.000653 seconds.
  path: Assets/Textures/89b71e8c9573e889f3252e72a17e1539_cc302b31b7a8e790759463a1916686-wind-pictures-clip-art_1129-695.png
  artifactKey: Guid(1d1fbe3593a96bf4e822ed97cf51bb53) Importer(815301076,1909f56bfc062723c751e8b465ee728b)
Start importing Assets/Textures/89b71e8c9573e889f3252e72a17e1539_cc302b31b7a8e790759463a1916686-wind-pictures-clip-art_1129-695.png using Guid(1d1fbe3593a96bf4e822ed97cf51bb53) Importer(815301076,1909f56bfc062723c751e8b465ee728b)  -> (artifact id: 'ac58f342079dd8b91e3483c93e05029c') in 0.018505 seconds
  Import took 0.020824 seconds .

========================================================================
Received Import Request.
  Time since last request: 0.000373 seconds.
  path: Assets/Textures/explosion_png_by_dbszabo1-d516els.png
  artifactKey: Guid(834c95f8969150442a8234685253ec63) Importer(815301076,1909f56bfc062723c751e8b465ee728b)
Start importing Assets/Textures/explosion_png_by_dbszabo1-d516els.png using Guid(834c95f8969150442a8234685253ec63) Importer(815301076,1909f56bfc062723c751e8b465ee728b)  -> (artifact id: 'f27dd7c9721cbaa77d1a6decbb9b42ce') in 0.016940 seconds
  Import took 0.018749 seconds .

========================================================================
Received Import Request.
  Time since last request: 0.000361 seconds.
  path: Assets/Textures/bdc2b6d3594422f92544f57077a16150_arrows-right-arrows-images_958-393.png
  artifactKey: Guid(28925361468b2c34aab213107c88cb97) Importer(815301076,1909f56bfc062723c751e8b465ee728b)
Start importing Assets/Textures/bdc2b6d3594422f92544f57077a16150_arrows-right-arrows-images_958-393.png using Guid(28925361468b2c34aab213107c88cb97) Importer(815301076,1909f56bfc062723c751e8b465ee728b)  -> (artifact id: 'a2e6d04dd63d82a46f16e5d83f8af2bc') in 0.012679 seconds
  Import took 0.017997 seconds .

========================================================================
Received Import Request.
  Time since last request: 0.000397 seconds.
  path: Assets/Textures/chain.png
  artifactKey: Guid(31ad6fa491d884a42b3267ca131774d2) Importer(815301076,1909f56bfc062723c751e8b465ee728b)
Start importing Assets/Textures/chain.png using Guid(31ad6fa491d884a42b3267ca131774d2) Importer(815301076,1909f56bfc062723c751e8b465ee728b)  -> (artifact id: '1c7842cc61868b8c26e2376b2a5970b4') in 0.014069 seconds
  Import took 0.016814 seconds .

========================================================================
Received Import Request.
  Time since last request: 0.000351 seconds.
  path: Assets/Textures/dcrbrBMc9.png
  artifactKey: Guid(f45b7a23a69a91b4a8d1e59ba92d2df0) Importer(815301076,1909f56bfc062723c751e8b465ee728b)
Start importing Assets/Textures/dcrbrBMc9.png using Guid(f45b7a23a69a91b4a8d1e59ba92d2df0) Importer(815301076,1909f56bfc062723c751e8b465ee728b)  -> (artifact id: '024d2262259ad2328253e3423103e353') in 0.016348 seconds
  Import took 0.018579 seconds .

========================================================================
Received Import Request.
  Time since last request: 0.000384 seconds.
  path: Assets/Textures/birds.jpg
  artifactKey: Guid(28b82a434685e60448bb37a48fef7677) Importer(815301076,1909f56bfc062723c751e8b465ee728b)
Start importing Assets/Textures/birds.jpg using Guid(28b82a434685e60448bb37a48fef7677) Importer(815301076,1909f56bfc062723c751e8b465ee728b)  -> (artifact id: 'ceebebc0346ffd68c76225855f088104') in 0.017311 seconds
  Import took 0.019326 seconds .

========================================================================
Received Import Request.
  Time since last request: 0.000304 seconds.
  path: Assets/Textures/Acacia_Tree.png
  artifactKey: Guid(4290af16719d7a44c921ccb0b0e72e87) Importer(815301076,1909f56bfc062723c751e8b465ee728b)
Start importing Assets/Textures/Acacia_Tree.png using Guid(4290af16719d7a44c921ccb0b0e72e87) Importer(815301076,1909f56bfc062723c751e8b465ee728b)  -> (artifact id: '36a6c897d6732ac49e608881ff1d2bea') in 0.019172 seconds
  Import took 0.021001 seconds .

========================================================================
Received Import Request.
  Time since last request: 0.000478 seconds.
  path: Assets/Textures/cannon.png
  artifactKey: Guid(2e828ae5ad4b0304b820ba0a7ceebf98) Importer(815301076,1909f56bfc062723c751e8b465ee728b)
Start importing Assets/Textures/cannon.png using Guid(2e828ae5ad4b0304b820ba0a7ceebf98) Importer(815301076,1909f56bfc062723c751e8b465ee728b)  -> (artifact id: 'ee033e297cc695c60f053e44d43004b1') in 0.013870 seconds
  Import took 0.015609 seconds .

========================================================================
Received Import Request.
  Time since last request: 0.000435 seconds.
  path: Assets/Textures/277288.png
  artifactKey: Guid(30d0919288d3db84e87607aff64ab43d) Importer(815301076,1909f56bfc062723c751e8b465ee728b)
Start importing Assets/Textures/277288.png using Guid(30d0919288d3db84e87607aff64ab43d) Importer(815301076,1909f56bfc062723c751e8b465ee728b)  -> (artifact id: '9afb719ecbaaa7fa8d31cc8306b1e81a') in 0.015718 seconds
  Import took 0.017849 seconds .

========================================================================
Received Import Request.
  Time since last request: 10.705725 seconds.
  path: Assets/Textures/20.png
  artifactKey: Guid(a00f43486c230f542a234760205a4eba) Importer(815301076,1909f56bfc062723c751e8b465ee728b)
Start importing Assets/Textures/20.png using Guid(a00f43486c230f542a234760205a4eba) Importer(815301076,1909f56bfc062723c751e8b465ee728b)  -> (artifact id: '6033e3f76921680a3358cb30bbd632a7') in 0.014895 seconds
  Import took 0.017421 seconds .

========================================================================
Received Import Request.
  Time since last request: 0.000348 seconds.
  path: Assets/Textures/5.png
  artifactKey: Guid(69f7ae0e1fc7ea740ba7b704f1dad3ee) Importer(815301076,1909f56bfc062723c751e8b465ee728b)
Start importing Assets/Textures/5.png using Guid(69f7ae0e1fc7ea740ba7b704f1dad3ee) Importer(815301076,1909f56bfc062723c751e8b465ee728b)  -> (artifact id: 'ff8053e8a3a8b778735a244c4fdc9284') in 0.013724 seconds
  Import took 0.015548 seconds .

========================================================================
Received Import Request.
  Time since last request: 0.000422 seconds.
  path: Assets/Textures/15.png
  artifactKey: Guid(22621aec66b379647bab363fe8b338b6) Importer(815301076,1909f56bfc062723c751e8b465ee728b)
Start importing Assets/Textures/15.png using Guid(22621aec66b379647bab363fe8b338b6) Importer(815301076,1909f56bfc062723c751e8b465ee728b)  -> (artifact id: '796db182526f0c50ba389aaea48d3af6') in 0.013042 seconds
  Import took 0.015720 seconds .

========================================================================
Received Import Request.
  Time since last request: 0.000386 seconds.
  path: Assets/Textures/6.png
  artifactKey: Guid(69f11e8b5f2478d4682796c5b5d0c766) Importer(815301076,1909f56bfc062723c751e8b465ee728b)
Start importing Assets/Textures/6.png using Guid(69f11e8b5f2478d4682796c5b5d0c766) Importer(815301076,1909f56bfc062723c751e8b465ee728b)  -> (artifact id: '499ecfc2c2a6ac94764bef5a1829feaa') in 0.015313 seconds
  Import took 0.017680 seconds .

========================================================================
Received Import Request.
  Time since last request: 0.000483 seconds.
  path: Assets/Textures/14.png
  artifactKey: Guid(fd3c93593bef01243aa9a154af4239eb) Importer(815301076,1909f56bfc062723c751e8b465ee728b)
Start importing Assets/Textures/14.png using Guid(fd3c93593bef01243aa9a154af4239eb) Importer(815301076,1909f56bfc062723c751e8b465ee728b)  -> (artifact id: '4226b7fb68565706d614e5867a10219b') in 0.015216 seconds
  Import took 0.016968 seconds .

========================================================================
Received Import Request.
  Time since last request: 0.000478 seconds.
  path: Assets/Textures/18.png
  artifactKey: Guid(181bd65eeb673ca43b73f58d54206e30) Importer(815301076,1909f56bfc062723c751e8b465ee728b)
Start importing Assets/Textures/18.png using Guid(181bd65eeb673ca43b73f58d54206e30) Importer(815301076,1909f56bfc062723c751e8b465ee728b)  -> (artifact id: '85e2d8ed1bfb9ab0f5c5417fb2857cf2') in 0.015350 seconds
  Import took 0.017018 seconds .

========================================================================
Received Import Request.
  Time since last request: 0.000413 seconds.
  path: Assets/Textures/13.png
  artifactKey: Guid(1fba63cbe808df949b8fdcbdc38a65e7) Importer(815301076,1909f56bfc062723c751e8b465ee728b)
Start importing Assets/Textures/13.png using Guid(1fba63cbe808df949b8fdcbdc38a65e7) Importer(815301076,1909f56bfc062723c751e8b465ee728b)  -> (artifact id: '93506293e042607c57acdf0b338f103a') in 0.013703 seconds
  Import took 0.015870 seconds .

========================================================================
Received Import Request.
  Time since last request: 0.000388 seconds.
  path: Assets/Textures/12.png
  artifactKey: Guid(1b98f0a940cfed445b6f7726c8c39be2) Importer(815301076,1909f56bfc062723c751e8b465ee728b)
Start importing Assets/Textures/12.png using Guid(1b98f0a940cfed445b6f7726c8c39be2) Importer(815301076,1909f56bfc062723c751e8b465ee728b)  -> (artifact id: '1fd2f4d004aea4654d1e229ee859ff0d') in 0.014617 seconds
  Import took 0.016729 seconds .

========================================================================
Received Import Request.
  Time since last request: 506.200828 seconds.
  path: Assets/Textures/1.png
  artifactKey: Guid(466a59e1091e5284e9f885c626b90243) Importer(815301076,1909f56bfc062723c751e8b465ee728b)
Start importing Assets/Textures/1.png using Guid(466a59e1091e5284e9f885c626b90243) Importer(815301076,1909f56bfc062723c751e8b465ee728b)  -> (artifact id: '1d45ef00dd7d06227073198e59534c6c') in 0.050365 seconds
  Import took 0.052792 seconds .

========================================================================
Received Import Request.
  Time since last request: 15.294360 seconds.
  path: Assets/Textures/2.png
  artifactKey: Guid(c3ad2789da808f541a1b0a81b13009eb) Importer(815301076,1909f56bfc062723c751e8b465ee728b)
Start importing Assets/Textures/2.png using Guid(c3ad2789da808f541a1b0a81b13009eb) Importer(815301076,1909f56bfc062723c751e8b465ee728b)  -> (artifact id: '9b652b159e413745183b9b9037cb3d85') in 0.018251 seconds
  Import took 0.020235 seconds .

========================================================================
Received Import Request.
  Time since last request: 12.712367 seconds.
  path: Assets/Textures/277288.png
  artifactKey: Guid(30d0919288d3db84e87607aff64ab43d) Importer(815301076,1909f56bfc062723c751e8b465ee728b)
Start importing Assets/Textures/277288.png using Guid(30d0919288d3db84e87607aff64ab43d) Importer(815301076,1909f56bfc062723c751e8b465ee728b)  -> (artifact id: '2cc765685f6a7083cd7651cf12b4cc84') in 0.022063 seconds
  Import took 0.024637 seconds .

========================================================================
Received Import Request.
  Time since last request: 50.347081 seconds.
  path: Assets/Textures/cannon.png
  artifactKey: Guid(2e828ae5ad4b0304b820ba0a7ceebf98) Importer(815301076,1909f56bfc062723c751e8b465ee728b)
Start importing Assets/Textures/cannon.png using Guid(2e828ae5ad4b0304b820ba0a7ceebf98) Importer(815301076,1909f56bfc062723c751e8b465ee728b)  -> (artifact id: 'f49dd3052742ec03212c49e875d1c512') in 0.015176 seconds
  Import took 0.017031 seconds .

========================================================================
Received Import Request.
  Time since last request: 0.000893 seconds.
  path: Assets/Textures/cannon.png
  artifactKey: Guid(2e828ae5ad4b0304b820ba0a7ceebf98) Importer(815301076,1909f56bfc062723c751e8b465ee728b)
Start importing Assets/Textures/cannon.png using Guid(2e828ae5ad4b0304b820ba0a7ceebf98) Importer(815301076,1909f56bfc062723c751e8b465ee728b)  -> (artifact id: 'f49dd3052742ec03212c49e875d1c512') in 0.013613 seconds
  Import took 0.015426 seconds .

========================================================================
Received Import Request.
  Time since last request: 36.094840 seconds.
  path: Assets/Textures/13.png
  artifactKey: Guid(1fba63cbe808df949b8fdcbdc38a65e7) Importer(815301076,1909f56bfc062723c751e8b465ee728b)
Start importing Assets/Textures/13.png using Guid(1fba63cbe808df949b8fdcbdc38a65e7) Importer(815301076,1909f56bfc062723c751e8b465ee728b)  -> (artifact id: '5307a337ba59c8662848360ecd7fd2c2') in 0.021611 seconds
  Import took 0.025026 seconds .

========================================================================
Received Import Request.
  Time since last request: 0.000707 seconds.
  path: Assets/Textures/13.png
  artifactKey: Guid(1fba63cbe808df949b8fdcbdc38a65e7) Importer(815301076,1909f56bfc062723c751e8b465ee728b)
Start importing Assets/Textures/13.png using Guid(1fba63cbe808df949b8fdcbdc38a65e7) Importer(815301076,1909f56bfc062723c751e8b465ee728b)  -> (artifact id: '5307a337ba59c8662848360ecd7fd2c2') in 0.017653 seconds
  Import took 0.020858 seconds .

========================================================================
Received Prepare
Registering precompiled user dll's ...
Registered in 0.001001 seconds.
Begin MonoManager ReloadAssembly
Native extension for WindowsStandalone target not found
Refreshing native plugins compatible for Editor in 0.19 ms, found 0 plugins.
Preloading 0 native plugins for Editor in 0.00 ms.
Invoked RoslynAnalysisRunner static constructor.
RoslynAnalysisRunner will not be running.
RoslynAnalysisRunner has terminated.
Mono: successfully reloaded assembly
- Completed reload, in  0.805 seconds
Platform modules already initialized, skipping
Refreshing native plugins compatible for Editor in 0.17 ms, found 0 plugins.
Preloading 0 native plugins for Editor in 0.00 ms.
Unloading 1094 Unused Serialized files (Serialized files now loaded: 0)
System memory in use before: 59.9 MB.
System memory in use after: 60.0 MB.

Unloading 5 unused Assets to reduce memory usage. Loaded Objects now: 1558.
Total: 1.979600 ms (FindLiveObjects: 0.133800 ms CreateObjectMapping: 0.035900 ms MarkObjects: 1.739300 ms  DeleteObjects: 0.069200 ms)

========================================================================
Received Import Request.
  Time since last request: 302.987348 seconds.
  path: Assets/Textures/14.png
  artifactKey: Guid(fd3c93593bef01243aa9a154af4239eb) Importer(815301076,1909f56bfc062723c751e8b465ee728b)
Start importing Assets/Textures/14.png using Guid(fd3c93593bef01243aa9a154af4239eb) Importer(815301076,1909f56bfc062723c751e8b465ee728b)  -> (artifact id: '36d02885184d3411bcd1cadb0286c624') in 0.059441 seconds
  Import took 0.061492 seconds .

========================================================================
Received Import Request.
  Time since last request: 5.995380 seconds.
  path: Assets/Textures/15.png
  artifactKey: Guid(22621aec66b379647bab363fe8b338b6) Importer(815301076,1909f56bfc062723c751e8b465ee728b)
Start importing Assets/Textures/15.png using Guid(22621aec66b379647bab363fe8b338b6) Importer(815301076,1909f56bfc062723c751e8b465ee728b)  -> (artifact id: '3b03dcf772fc09bc8d1d50709630a2db') in 0.015600 seconds
  Import took 0.017650 seconds .

========================================================================
Received Import Request.
  Time since last request: 0.003049 seconds.
  path: Assets/Textures/15.png
  artifactKey: Guid(22621aec66b379647bab363fe8b338b6) Importer(815301076,1909f56bfc062723c751e8b465ee728b)
Start importing Assets/Textures/15.png using Guid(22621aec66b379647bab363fe8b338b6) Importer(815301076,1909f56bfc062723c751e8b465ee728b)  -> (artifact id: '3b03dcf772fc09bc8d1d50709630a2db') in 0.016688 seconds
  Import took 0.018543 seconds .

========================================================================
Received Import Request.
  Time since last request: 3.427102 seconds.
  path: Assets/Textures/18.png
  artifactKey: Guid(181bd65eeb673ca43b73f58d54206e30) Importer(815301076,1909f56bfc062723c751e8b465ee728b)
Start importing Assets/Textures/18.png using Guid(181bd65eeb673ca43b73f58d54206e30) Importer(815301076,1909f56bfc062723c751e8b465ee728b)  -> (artifact id: '7f01153031b1e40eb664400de761dfad') in 0.013319 seconds
  Import took 0.015816 seconds .

========================================================================
Received Import Request.
  Time since last request: 0.003294 seconds.
  path: Assets/Textures/18.png
  artifactKey: Guid(181bd65eeb673ca43b73f58d54206e30) Importer(815301076,1909f56bfc062723c751e8b465ee728b)
Start importing Assets/Textures/18.png using Guid(181bd65eeb673ca43b73f58d54206e30) Importer(815301076,1909f56bfc062723c751e8b465ee728b)  -> (artifact id: '7f01153031b1e40eb664400de761dfad') in 0.017024 seconds
  Import took 0.019590 seconds .

========================================================================
Received Import Request.
  Time since last request: 4.598843 seconds.
  path: Assets/Textures/20.png
  artifactKey: Guid(a00f43486c230f542a234760205a4eba) Importer(815301076,1909f56bfc062723c751e8b465ee728b)
Start importing Assets/Textures/20.png using Guid(a00f43486c230f542a234760205a4eba) Importer(815301076,1909f56bfc062723c751e8b465ee728b)  -> (artifact id: '4433249b9a4313d41187b04e2e4d23bd') in 0.015246 seconds
  Import took 0.018308 seconds .

========================================================================
Received Import Request.
  Time since last request: 4.253920 seconds.
  path: Assets/Textures/12.png
  artifactKey: Guid(1b98f0a940cfed445b6f7726c8c39be2) Importer(815301076,1909f56bfc062723c751e8b465ee728b)
Start importing Assets/Textures/12.png using Guid(1b98f0a940cfed445b6f7726c8c39be2) Importer(815301076,1909f56bfc062723c751e8b465ee728b)  -> (artifact id: '028fbb9e3311672e445fc2afaff0c766') in 0.016632 seconds
  Import took 0.018453 seconds .

========================================================================
Received Import Request.
  Time since last request: 0.001568 seconds.
  path: Assets/Textures/12.png
  artifactKey: Guid(1b98f0a940cfed445b6f7726c8c39be2) Importer(815301076,1909f56bfc062723c751e8b465ee728b)
Start importing Assets/Textures/12.png using Guid(1b98f0a940cfed445b6f7726c8c39be2) Importer(815301076,1909f56bfc062723c751e8b465ee728b)  -> (artifact id: '028fbb9e3311672e445fc2afaff0c766') in 0.013363 seconds
  Import took 0.016170 seconds .

========================================================================
Received Import Request.
  Time since last request: 12.197575 seconds.
  path: Assets/Textures/11.png
  artifactKey: Guid(9958fddb13be53e43aad3fd118831065) Importer(815301076,1909f56bfc062723c751e8b465ee728b)
Start importing Assets/Textures/11.png using Guid(9958fddb13be53e43aad3fd118831065) Importer(815301076,1909f56bfc062723c751e8b465ee728b)  -> (artifact id: '0f9956b42af40d619172a9b7941b06af') in 0.016145 seconds
  Import took 0.018247 seconds .

========================================================================
Received Import Request.
  Time since last request: 0.001525 seconds.
  path: Assets/Textures/11.png
  artifactKey: Guid(9958fddb13be53e43aad3fd118831065) Importer(815301076,1909f56bfc062723c751e8b465ee728b)
Start importing Assets/Textures/11.png using Guid(9958fddb13be53e43aad3fd118831065) Importer(815301076,1909f56bfc062723c751e8b465ee728b)  -> (artifact id: '0f9956b42af40d619172a9b7941b06af') in 0.012727 seconds
  Import took 0.015838 seconds .

========================================================================
Received Import Request.
  Time since last request: 5.062827 seconds.
  path: Assets/Textures/10.png
  artifactKey: Guid(6f4c4a00957a36441b580f9857b033bd) Importer(815301076,1909f56bfc062723c751e8b465ee728b)
Start importing Assets/Textures/10.png using Guid(6f4c4a00957a36441b580f9857b033bd) Importer(815301076,1909f56bfc062723c751e8b465ee728b)  -> (artifact id: 'a8acf0cbb89e1181b0f096f84d4c5ff9') in 0.012429 seconds
  Import took 0.015014 seconds .

========================================================================
Received Import Request.
  Time since last request: 0.002630 seconds.
  path: Assets/Textures/10.png
  artifactKey: Guid(6f4c4a00957a36441b580f9857b033bd) Importer(815301076,1909f56bfc062723c751e8b465ee728b)
Start importing Assets/Textures/10.png using Guid(6f4c4a00957a36441b580f9857b033bd) Importer(815301076,1909f56bfc062723c751e8b465ee728b)  -> (artifact id: 'a8acf0cbb89e1181b0f096f84d4c5ff9') in 0.014076 seconds
  Import took 0.015968 seconds .

========================================================================
Received Import Request.
  Time since last request: 5.609515 seconds.
  path: Assets/Textures/9.png
  artifactKey: Guid(6fe20feb280d60f4186a5536fa1c8907) Importer(815301076,1909f56bfc062723c751e8b465ee728b)
Start importing Assets/Textures/9.png using Guid(6fe20feb280d60f4186a5536fa1c8907) Importer(815301076,1909f56bfc062723c751e8b465ee728b)  -> (artifact id: '4dcd92704b08dad2521134473dde0f0c') in 0.014561 seconds
  Import took 0.017091 seconds .

========================================================================
Received Import Request.
  Time since last request: 0.006503 seconds.
  path: Assets/Textures/9.png
  artifactKey: Guid(6fe20feb280d60f4186a5536fa1c8907) Importer(815301076,1909f56bfc062723c751e8b465ee728b)
Start importing Assets/Textures/9.png using Guid(6fe20feb280d60f4186a5536fa1c8907) Importer(815301076,1909f56bfc062723c751e8b465ee728b)  -> (artifact id: '4dcd92704b08dad2521134473dde0f0c') in 0.013081 seconds
  Import took 0.015983 seconds .

========================================================================
Received Import Request.
  Time since last request: 4.686786 seconds.
  path: Assets/Textures/8.png
  artifactKey: Guid(cab7ba7b409c1f14b9e52d08da2aaf2b) Importer(815301076,1909f56bfc062723c751e8b465ee728b)
Start importing Assets/Textures/8.png using Guid(cab7ba7b409c1f14b9e52d08da2aaf2b) Importer(815301076,1909f56bfc062723c751e8b465ee728b)  -> (artifact id: '0c16d07e5b500f29c90e131e2fb01d84') in 0.016618 seconds
  Import took 0.018994 seconds .

========================================================================
Received Import Request.
  Time since last request: 0.001030 seconds.
  path: Assets/Textures/8.png
  artifactKey: Guid(cab7ba7b409c1f14b9e52d08da2aaf2b) Importer(815301076,1909f56bfc062723c751e8b465ee728b)
Start importing Assets/Textures/8.png using Guid(cab7ba7b409c1f14b9e52d08da2aaf2b) Importer(815301076,1909f56bfc062723c751e8b465ee728b)  -> (artifact id: '0c16d07e5b500f29c90e131e2fb01d84') in 0.011986 seconds
  Import took 0.014658 seconds .

========================================================================
Received Import Request.
  Time since last request: 6.380652 seconds.
  path: Assets/Textures/6.png
  artifactKey: Guid(69f11e8b5f2478d4682796c5b5d0c766) Importer(815301076,1909f56bfc062723c751e8b465ee728b)
Start importing Assets/Textures/6.png using Guid(69f11e8b5f2478d4682796c5b5d0c766) Importer(815301076,1909f56bfc062723c751e8b465ee728b)  -> (artifact id: 'a0b61d7b2a1c01ca88310d9f6505402d') in 0.013410 seconds
  Import took 0.015415 seconds .

========================================================================
Received Import Request.
  Time since last request: 0.006260 seconds.
  path: Assets/Textures/6.png
  artifactKey: Guid(69f11e8b5f2478d4682796c5b5d0c766) Importer(815301076,1909f56bfc062723c751e8b465ee728b)
Start importing Assets/Textures/6.png using Guid(69f11e8b5f2478d4682796c5b5d0c766) Importer(815301076,1909f56bfc062723c751e8b465ee728b)  -> (artifact id: 'a0b61d7b2a1c01ca88310d9f6505402d') in 0.016894 seconds
  Import took 0.018990 seconds .

========================================================================
Received Import Request.
  Time since last request: 5.428811 seconds.
  path: Assets/Textures/5.png
  artifactKey: Guid(69f7ae0e1fc7ea740ba7b704f1dad3ee) Importer(815301076,1909f56bfc062723c751e8b465ee728b)
Start importing Assets/Textures/5.png using Guid(69f7ae0e1fc7ea740ba7b704f1dad3ee) Importer(815301076,1909f56bfc062723c751e8b465ee728b)  -> (artifact id: '08102577e2cce20b7075b7899f2c23d5') in 0.017930 seconds
  Import took 0.020297 seconds .

========================================================================
Received Import Request.
  Time since last request: 0.000817 seconds.
  path: Assets/Textures/5.png
  artifactKey: Guid(69f7ae0e1fc7ea740ba7b704f1dad3ee) Importer(815301076,1909f56bfc062723c751e8b465ee728b)
Start importing Assets/Textures/5.png using Guid(69f7ae0e1fc7ea740ba7b704f1dad3ee) Importer(815301076,1909f56bfc062723c751e8b465ee728b)  -> (artifact id: '08102577e2cce20b7075b7899f2c23d5') in 0.014421 seconds
  Import took 0.016955 seconds .

========================================================================
Received Import Request.
  Time since last request: 4.415543 seconds.
  path: Assets/Textures/4.png
  artifactKey: Guid(f0fab5c1f2d5ff943808742f4bd95f15) Importer(815301076,1909f56bfc062723c751e8b465ee728b)
Start importing Assets/Textures/4.png using Guid(f0fab5c1f2d5ff943808742f4bd95f15) Importer(815301076,1909f56bfc062723c751e8b465ee728b)  -> (artifact id: '47452c88580f30cdc724992873596154') in 0.014773 seconds
  Import took 0.016768 seconds .

========================================================================
Received Import Request.
  Time since last request: 0.001354 seconds.
  path: Assets/Textures/4.png
  artifactKey: Guid(f0fab5c1f2d5ff943808742f4bd95f15) Importer(815301076,1909f56bfc062723c751e8b465ee728b)
Start importing Assets/Textures/4.png using Guid(f0fab5c1f2d5ff943808742f4bd95f15) Importer(815301076,1909f56bfc062723c751e8b465ee728b)  -> (artifact id: '47452c88580f30cdc724992873596154') in 0.013101 seconds
  Import took 0.015503 seconds .

========================================================================
Received Import Request.
  Time since last request: 4.132487 seconds.
  path: Assets/Textures/3.png
  artifactKey: Guid(d7aab6e852af1304093f06007d318b67) Importer(815301076,1909f56bfc062723c751e8b465ee728b)
Start importing Assets/Textures/3.png using Guid(d7aab6e852af1304093f06007d318b67) Importer(815301076,1909f56bfc062723c751e8b465ee728b)  -> (artifact id: '8aac3fd526a4e96f203146a3100fa857') in 0.013386 seconds
  Import took 0.015202 seconds .

========================================================================
Received Import Request.
  Time since last request: 0.005718 seconds.
  path: Assets/Textures/3.png
  artifactKey: Guid(d7aab6e852af1304093f06007d318b67) Importer(815301076,1909f56bfc062723c751e8b465ee728b)
Start importing Assets/Textures/3.png using Guid(d7aab6e852af1304093f06007d318b67) Importer(815301076,1909f56bfc062723c751e8b465ee728b)  -> (artifact id: '8aac3fd526a4e96f203146a3100fa857') in 0.014418 seconds
  Import took 0.017114 seconds .

========================================================================
Received Import Request.
  Time since last request: 7.540467 seconds.
  path: Assets/Textures/Acacia_Tree.png
  artifactKey: Guid(4290af16719d7a44c921ccb0b0e72e87) Importer(815301076,1909f56bfc062723c751e8b465ee728b)
Start importing Assets/Textures/Acacia_Tree.png using Guid(4290af16719d7a44c921ccb0b0e72e87) Importer(815301076,1909f56bfc062723c751e8b465ee728b)  -> (artifact id: '1169cc076325fb3c132b8a5f68a843f1') in 0.030307 seconds
  Import took 0.032441 seconds .

========================================================================
Received Import Request.
  Time since last request: 0.000794 seconds.
  path: Assets/Textures/Acacia_Tree.png
  artifactKey: Guid(4290af16719d7a44c921ccb0b0e72e87) Importer(815301076,1909f56bfc062723c751e8b465ee728b)
Start importing Assets/Textures/Acacia_Tree.png using Guid(4290af16719d7a44c921ccb0b0e72e87) Importer(815301076,1909f56bfc062723c751e8b465ee728b)  -> (artifact id: '1169cc076325fb3c132b8a5f68a843f1') in 0.028303 seconds
  Import took 0.031645 seconds .

========================================================================
Received Import Request.
  Time since last request: 9.788092 seconds.
  path: Assets/Textures/bdc2b6d3594422f92544f57077a16150_arrows-right-arrows-images_958-393.png
  artifactKey: Guid(28925361468b2c34aab213107c88cb97) Importer(815301076,1909f56bfc062723c751e8b465ee728b)
Start importing Assets/Textures/bdc2b6d3594422f92544f57077a16150_arrows-right-arrows-images_958-393.png using Guid(28925361468b2c34aab213107c88cb97) Importer(815301076,1909f56bfc062723c751e8b465ee728b)  -> (artifact id: '496de75c8c373bd50818b99576503e6c') in 0.015730 seconds
  Import took 0.017915 seconds .

========================================================================
Received Import Request.
  Time since last request: 0.003672 seconds.
  path: Assets/Textures/bdc2b6d3594422f92544f57077a16150_arrows-right-arrows-images_958-393.png
  artifactKey: Guid(28925361468b2c34aab213107c88cb97) Importer(815301076,1909f56bfc062723c751e8b465ee728b)
Start importing Assets/Textures/bdc2b6d3594422f92544f57077a16150_arrows-right-arrows-images_958-393.png using Guid(28925361468b2c34aab213107c88cb97) Importer(815301076,1909f56bfc062723c751e8b465ee728b)  -> (artifact id: '496de75c8c373bd50818b99576503e6c') in 0.013318 seconds
  Import took 0.015397 seconds .

========================================================================
Received Import Request.
  Time since last request: 7.533954 seconds.
  path: Assets/Textures/birds.jpg
  artifactKey: Guid(28b82a434685e60448bb37a48fef7677) Importer(815301076,1909f56bfc062723c751e8b465ee728b)
Start importing Assets/Textures/birds.jpg using Guid(28b82a434685e60448bb37a48fef7677) Importer(815301076,1909f56bfc062723c751e8b465ee728b)  -> (artifact id: '262352b9615e35efbe58ace51aef4756') in 0.024981 seconds
  Import took 0.028260 seconds .

========================================================================
Received Import Request.
  Time since last request: 6.292511 seconds.
  path: Assets/Textures/chain.png
  artifactKey: Guid(31ad6fa491d884a42b3267ca131774d2) Importer(815301076,1909f56bfc062723c751e8b465ee728b)
Start importing Assets/Textures/chain.png using Guid(31ad6fa491d884a42b3267ca131774d2) Importer(815301076,1909f56bfc062723c751e8b465ee728b)  -> (artifact id: 'b4e1549a37b23a74d8e734223e9a48d8') in 0.014410 seconds
  Import took 0.016242 seconds .

========================================================================
Received Import Request.
  Time since last request: 0.002383 seconds.
  path: Assets/Textures/chain.png
  artifactKey: Guid(31ad6fa491d884a42b3267ca131774d2) Importer(815301076,1909f56bfc062723c751e8b465ee728b)
Start importing Assets/Textures/chain.png using Guid(31ad6fa491d884a42b3267ca131774d2) Importer(815301076,1909f56bfc062723c751e8b465ee728b)  -> (artifact id: 'b4e1549a37b23a74d8e734223e9a48d8') in 0.013897 seconds
  Import took 0.016432 seconds .

========================================================================
Received Import Request.
  Time since last request: 4.247320 seconds.
  path: Assets/Textures/dcrbrBMc9.png
  artifactKey: Guid(f45b7a23a69a91b4a8d1e59ba92d2df0) Importer(815301076,1909f56bfc062723c751e8b465ee728b)
Start importing Assets/Textures/dcrbrBMc9.png using Guid(f45b7a23a69a91b4a8d1e59ba92d2df0) Importer(815301076,1909f56bfc062723c751e8b465ee728b)  -> (artifact id: 'f895128f364a732e3d445b4f05f0f176') in 0.014206 seconds
  Import took 0.016183 seconds .

========================================================================
Received Import Request.
  Time since last request: 0.004498 seconds.
  path: Assets/Textures/dcrbrBMc9.png
  artifactKey: Guid(f45b7a23a69a91b4a8d1e59ba92d2df0) Importer(815301076,1909f56bfc062723c751e8b465ee728b)
Start importing Assets/Textures/dcrbrBMc9.png using Guid(f45b7a23a69a91b4a8d1e59ba92d2df0) Importer(815301076,1909f56bfc062723c751e8b465ee728b)  -> (artifact id: 'f895128f364a732e3d445b4f05f0f176') in 0.015538 seconds
  Import took 0.018091 seconds .

========================================================================
Received Import Request.
  Time since last request: 4.545222 seconds.
  path: Assets/Textures/explosion_png_by_dbszabo1-d516els.png
  artifactKey: Guid(834c95f8969150442a8234685253ec63) Importer(815301076,1909f56bfc062723c751e8b465ee728b)
Start importing Assets/Textures/explosion_png_by_dbszabo1-d516els.png using Guid(834c95f8969150442a8234685253ec63) Importer(815301076,1909f56bfc062723c751e8b465ee728b)  -> (artifact id: 'c4fb20280db4d68bd9e3bfa826a37926') in 0.023745 seconds
  Import took 0.026558 seconds .

========================================================================
Received Import Request.
  Time since last request: 0.001267 seconds.
  path: Assets/Textures/explosion_png_by_dbszabo1-d516els.png
  artifactKey: Guid(834c95f8969150442a8234685253ec63) Importer(815301076,1909f56bfc062723c751e8b465ee728b)
Start importing Assets/Textures/explosion_png_by_dbszabo1-d516els.png using Guid(834c95f8969150442a8234685253ec63) Importer(815301076,1909f56bfc062723c751e8b465ee728b)  -> (artifact id: 'c4fb20280db4d68bd9e3bfa826a37926') in 0.016614 seconds
  Import took 0.018821 seconds .

========================================================================
Received Import Request.
  Time since last request: 4.257065 seconds.
  path: Assets/Textures/Square.png
  artifactKey: Guid(751a88a34f3b03640a6d274aad7b1818) Importer(815301076,1909f56bfc062723c751e8b465ee728b)
Start importing Assets/Textures/Square.png using Guid(751a88a34f3b03640a6d274aad7b1818) Importer(815301076,1909f56bfc062723c751e8b465ee728b)  -> (artifact id: '1d679b2b807acade9e12605c5d1d2ce9') in 0.010980 seconds
  Import took 0.012960 seconds .

========================================================================
Received Import Request.
  Time since last request: 0.008840 seconds.
  path: Assets/Textures/Square.png
  artifactKey: Guid(751a88a34f3b03640a6d274aad7b1818) Importer(815301076,1909f56bfc062723c751e8b465ee728b)
Start importing Assets/Textures/Square.png using Guid(751a88a34f3b03640a6d274aad7b1818) Importer(815301076,1909f56bfc062723c751e8b465ee728b)  -> (artifact id: '1d679b2b807acade9e12605c5d1d2ce9') in 0.010190 seconds
  Import took 0.012490 seconds .

========================================================================
Received Import Request.
  Time since last request: 8.486851 seconds.
  path: Assets/Textures/89b71e8c9573e889f3252e72a17e1539_cc302b31b7a8e790759463a1916686-wind-pictures-clip-art_1129-695.png
  artifactKey: Guid(1d1fbe3593a96bf4e822ed97cf51bb53) Importer(815301076,1909f56bfc062723c751e8b465ee728b)
Start importing Assets/Textures/89b71e8c9573e889f3252e72a17e1539_cc302b31b7a8e790759463a1916686-wind-pictures-clip-art_1129-695.png using Guid(1d1fbe3593a96bf4e822ed97cf51bb53) Importer(815301076,1909f56bfc062723c751e8b465ee728b)  -> (artifact id: '7f6e51c15a57ffc6f5d49fae818c641c') in 0.018871 seconds
  Import took 0.020784 seconds .

========================================================================
Received Import Request.
  Time since last request: 158.940238 seconds.
  path: Assets/Scripts
  artifactKey: Guid(c9bdc57ad45bb9042ab146abcf3bc10f) Importer(815301076,1909f56bfc062723c751e8b465ee728b)
Start importing Assets/Scripts using Guid(c9bdc57ad45bb9042ab146abcf3bc10f) Importer(815301076,1909f56bfc062723c751e8b465ee728b)  -> (artifact id: 'e1901a48d461889b351fbeed4cdfc0fe') in 0.010091 seconds
  Import took 0.013157 seconds .

========================================================================
Received Import Request.
  Time since last request: 7.400164 seconds.
  path: Assets/Scripts/CannonMover.cs
  artifactKey: Guid(09732ea5c37cf5a4f8cbd3b3595a578d) Importer(815301076,1909f56bfc062723c751e8b465ee728b)
Start importing Assets/Scripts/CannonMover.cs using Guid(09732ea5c37cf5a4f8cbd3b3595a578d) Importer(815301076,1909f56bfc062723c751e8b465ee728b)  -> (artifact id: '533245dfb8f2c5037262fe507d70cde7') in 0.013789 seconds
  Import took 0.015975 seconds .

========================================================================
Received Prepare
Registering precompiled user dll's ...
Registered in 0.001058 seconds.
Begin MonoManager ReloadAssembly
Native extension for WindowsStandalone target not found
Refreshing native plugins compatible for Editor in 0.18 ms, found 0 plugins.
Preloading 0 native plugins for Editor in 0.00 ms.
Invoked RoslynAnalysisRunner static constructor.
RoslynAnalysisRunner will not be running.
RoslynAnalysisRunner has terminated.
Mono: successfully reloaded assembly
- Completed reload, in  0.844 seconds
Platform modules already initialized, skipping
Refreshing native plugins compatible for Editor in 0.18 ms, found 0 plugins.
Preloading 0 native plugins for Editor in 0.00 ms.
Unloading 1094 Unused Serialized files (Serialized files now loaded: 0)
System memory in use before: 60.1 MB.
System memory in use after: 60.1 MB.

Unloading 5 unused Assets to reduce memory usage. Loaded Objects now: 1578.
Total: 2.364400 ms (FindLiveObjects: 0.316700 ms CreateObjectMapping: 0.083000 ms MarkObjects: 1.912900 ms  DeleteObjects: 0.049700 ms)

========================================================================
Received Prepare
Registering precompiled user dll's ...
Registered in 0.001097 seconds.
Begin MonoManager ReloadAssembly
Native extension for WindowsStandalone target not found
Refreshing native plugins compatible for Editor in 0.19 ms, found 0 plugins.
Preloading 0 native plugins for Editor in 0.00 ms.
Invoked RoslynAnalysisRunner static constructor.
RoslynAnalysisRunner will not be running.
RoslynAnalysisRunner has terminated.
Mono: successfully reloaded assembly
- Completed reload, in  0.800 seconds
Platform modules already initialized, skipping
Refreshing native plugins compatible for Editor in 0.18 ms, found 0 plugins.
Preloading 0 native plugins for Editor in 0.00 ms.
Unloading 1094 Unused Serialized files (Serialized files now loaded: 0)
System memory in use before: 60.2 MB.
System memory in use after: 60.2 MB.

Unloading 5 unused Assets to reduce memory usage. Loaded Objects now: 1580.
Total: 1.592700 ms (FindLiveObjects: 0.134900 ms CreateObjectMapping: 0.033300 ms MarkObjects: 1.380200 ms  DeleteObjects: 0.043000 ms)

========================================================================
Received Import Request.
  Time since last request: 54.087072 seconds.
  path: Assets/Scripts/ACannonController.cs
  artifactKey: Guid(cb6c7b4029eb9be45a849dd453c893ab) Importer(815301076,1909f56bfc062723c751e8b465ee728b)
Start importing Assets/Scripts/ACannonController.cs using Guid(cb6c7b4029eb9be45a849dd453c893ab) Importer(815301076,1909f56bfc062723c751e8b465ee728b)  -> (artifact id: 'd25b62180aeef414c8e7cfa85f9cb32e') in 0.010336 seconds
  Import took 0.012429 seconds .

========================================================================
Received Prepare
Registering precompiled user dll's ...
Registered in 0.001403 seconds.
Begin MonoManager ReloadAssembly
Native extension for WindowsStandalone target not found
Refreshing native plugins compatible for Editor in 0.20 ms, found 0 plugins.
Preloading 0 native plugins for Editor in 0.00 ms.
Invoked RoslynAnalysisRunner static constructor.
RoslynAnalysisRunner will not be running.
RoslynAnalysisRunner has terminated.
Mono: successfully reloaded assembly
- Completed reload, in  0.846 seconds
Platform modules already initialized, skipping
Refreshing native plugins compatible for Editor in 0.18 ms, found 0 plugins.
Preloading 0 native plugins for Editor in 0.00 ms.
Unloading 1094 Unused Serialized files (Serialized files now loaded: 0)
System memory in use before: 60.2 MB.
System memory in use after: 60.3 MB.

Unloading 5 unused Assets to reduce memory usage. Loaded Objects now: 1582.
Total: 1.495600 ms (FindLiveObjects: 0.120000 ms CreateObjectMapping: 0.029900 ms MarkObjects: 1.301400 ms  DeleteObjects: 0.043300 ms)

========================================================================
Received Prepare
Registering precompiled user dll's ...
Registered in 0.001189 seconds.
Begin MonoManager ReloadAssembly
Native extension for WindowsStandalone target not found
Refreshing native plugins compatible for Editor in 0.18 ms, found 0 plugins.
Preloading 0 native plugins for Editor in 0.00 ms.
Invoked RoslynAnalysisRunner static constructor.
RoslynAnalysisRunner will not be running.
RoslynAnalysisRunner has terminated.
Mono: successfully reloaded assembly
- Completed reload, in  0.767 seconds
Platform modules already initialized, skipping
Refreshing native plugins compatible for Editor in 0.18 ms, found 0 plugins.
Preloading 0 native plugins for Editor in 0.00 ms.
Unloading 1094 Unused Serialized files (Serialized files now loaded: 0)
System memory in use before: 60.3 MB.
System memory in use after: 60.4 MB.

Unloading 5 unused Assets to reduce memory usage. Loaded Objects now: 1584.
Total: 2.033700 ms (FindLiveObjects: 0.440800 ms CreateObjectMapping: 0.112600 ms MarkObjects: 1.428000 ms  DeleteObjects: 0.050900 ms)

========================================================================
Received Import Request.
  Time since last request: 78.894428 seconds.
  path: Assets/ACannonController.cs
  artifactKey: Guid(e5026001c3355ac4380b5f5c22b430d7) Importer(815301076,1909f56bfc062723c751e8b465ee728b)
Start importing Assets/ACannonController.cs using Guid(e5026001c3355ac4380b5f5c22b430d7) Importer(815301076,1909f56bfc062723c751e8b465ee728b)  -> (artifact id: '54737e9d702cb88e2f4ac2725790fa8c') in 0.005819 seconds
  Import took 0.007760 seconds .

========================================================================
Received Prepare
Registering precompiled user dll's ...
Registered in 0.001097 seconds.
Begin MonoManager ReloadAssembly
Native extension for WindowsStandalone target not found
Refreshing native plugins compatible for Editor in 0.25 ms, found 0 plugins.
Preloading 0 native plugins for Editor in 0.00 ms.
Invoked RoslynAnalysisRunner static constructor.
RoslynAnalysisRunner will not be running.
RoslynAnalysisRunner has terminated.
Mono: successfully reloaded assembly
- Completed reload, in  0.846 seconds
Platform modules already initialized, skipping
Refreshing native plugins compatible for Editor in 0.25 ms, found 0 plugins.
Preloading 0 native plugins for Editor in 0.00 ms.
Unloading 1095 Unused Serialized files (Serialized files now loaded: 0)
System memory in use before: 60.4 MB.
System memory in use after: 60.5 MB.

Unloading 5 unused Assets to reduce memory usage. Loaded Objects now: 1587.
Total: 1.942900 ms (FindLiveObjects: 0.356900 ms CreateObjectMapping: 0.197800 ms MarkObjects: 1.336600 ms  DeleteObjects: 0.049100 ms)

========================================================================
Received Prepare
Registering precompiled user dll's ...
Registered in 0.001006 seconds.
Begin MonoManager ReloadAssembly
Native extension for WindowsStandalone target not found
Refreshing native plugins compatible for Editor in 0.34 ms, found 0 plugins.
Preloading 0 native plugins for Editor in 0.00 ms.
Invoked RoslynAnalysisRunner static constructor.
RoslynAnalysisRunner will not be running.
RoslynAnalysisRunner has terminated.
Mono: successfully reloaded assembly
- Completed reload, in  0.783 seconds
Platform modules already initialized, skipping
Refreshing native plugins compatible for Editor in 0.27 ms, found 0 plugins.
Preloading 0 native plugins for Editor in 0.00 ms.
Unloading 1095 Unused Serialized files (Serialized files now loaded: 0)
System memory in use before: 60.5 MB.
System memory in use after: 60.6 MB.

Unloading 5 unused Assets to reduce memory usage. Loaded Objects now: 1589.
Total: 1.672500 ms (FindLiveObjects: 0.258600 ms CreateObjectMapping: 0.078000 ms MarkObjects: 1.285000 ms  DeleteObjects: 0.049200 ms)

========================================================================
Received Import Request.
  Time since last request: 1657.253207 seconds.
  path: Assets/Scripts/ACannonController.cs
  artifactKey: Guid(e5026001c3355ac4380b5f5c22b430d7) Importer(815301076,1909f56bfc062723c751e8b465ee728b)
Start importing Assets/Scripts/ACannonController.cs using Guid(e5026001c3355ac4380b5f5c22b430d7) Importer(815301076,1909f56bfc062723c751e8b465ee728b)  -> (artifact id: '5d68d51e0ef40b28382f9b5a6174f24e') in 0.006498 seconds
  Import took 0.008452 seconds .

========================================================================
Received Import Request.
  Time since last request: 539.140171 seconds.
  path: Assets/Scripts/ACannonController.cs
  artifactKey: Guid(e5026001c3355ac4380b5f5c22b430d7) Importer(815301076,1909f56bfc062723c751e8b465ee728b)
Start importing Assets/Scripts/ACannonController.cs using Guid(e5026001c3355ac4380b5f5c22b430d7) Importer(815301076,1909f56bfc062723c751e8b465ee728b)  -> (artifact id: 'b349deded66f6151d525915ed513eead') in 0.005794 seconds
  Import took 0.008170 seconds .

========================================================================
Received Prepare
Registering precompiled user dll's ...
Registered in 0.000981 seconds.
Begin MonoManager ReloadAssembly
Native extension for WindowsStandalone target not found
Refreshing native plugins compatible for Editor in 0.27 ms, found 0 plugins.
Preloading 0 native plugins for Editor in 0.00 ms.
Invoked RoslynAnalysisRunner static constructor.
RoslynAnalysisRunner will not be running.
RoslynAnalysisRunner has terminated.
Mono: successfully reloaded assembly
- Completed reload, in  0.785 seconds
Platform modules already initialized, skipping
Refreshing native plugins compatible for Editor in 0.20 ms, found 0 plugins.
Preloading 0 native plugins for Editor in 0.00 ms.
Unloading 1095 Unused Serialized files (Serialized files now loaded: 0)
System memory in use before: 60.6 MB.
System memory in use after: 60.7 MB.

Unloading 5 unused Assets to reduce memory usage. Loaded Objects now: 1591.
Total: 1.861700 ms (FindLiveObjects: 0.150600 ms CreateObjectMapping: 0.038400 ms MarkObjects: 1.624400 ms  DeleteObjects: 0.047300 ms)

========================================================================
Received Prepare
Registering precompiled user dll's ...
Registered in 0.001012 seconds.
Begin MonoManager ReloadAssembly
Native extension for WindowsStandalone target not found
Refreshing native plugins compatible for Editor in 0.18 ms, found 0 plugins.
Preloading 0 native plugins for Editor in 0.00 ms.
Invoked RoslynAnalysisRunner static constructor.
RoslynAnalysisRunner will not be running.
RoslynAnalysisRunner has terminated.
Mono: successfully reloaded assembly
- Completed reload, in  0.805 seconds
Platform modules already initialized, skipping
Refreshing native plugins compatible for Editor in 0.19 ms, found 0 plugins.
Preloading 0 native plugins for Editor in 0.00 ms.
Unloading 1095 Unused Serialized files (Serialized files now loaded: 0)
System memory in use before: 60.7 MB.
System memory in use after: 60.7 MB.

Unloading 5 unused Assets to reduce memory usage. Loaded Objects now: 1593.
Total: 2.321000 ms (FindLiveObjects: 0.203500 ms CreateObjectMapping: 0.066200 ms MarkObjects: 1.998500 ms  DeleteObjects: 0.050900 ms)

========================================================================
Received Prepare
Registering precompiled user dll's ...
Registered in 0.001122 seconds.
Begin MonoManager ReloadAssembly
Native extension for WindowsStandalone target not found
Refreshing native plugins compatible for Editor in 0.19 ms, found 0 plugins.
Preloading 0 native plugins for Editor in 0.00 ms.
Invoked RoslynAnalysisRunner static constructor.
RoslynAnalysisRunner will not be running.
RoslynAnalysisRunner has terminated.
Mono: successfully reloaded assembly
- Completed reload, in  0.776 seconds
Platform modules already initialized, skipping
Refreshing native plugins compatible for Editor in 0.22 ms, found 0 plugins.
Preloading 0 native plugins for Editor in 0.00 ms.
Unloading 1095 Unused Serialized files (Serialized files now loaded: 0)
System memory in use before: 60.7 MB.
System memory in use after: 60.8 MB.

Unloading 5 unused Assets to reduce memory usage. Loaded Objects now: 1595.
Total: 1.893400 ms (FindLiveObjects: 0.165900 ms CreateObjectMapping: 0.033200 ms MarkObjects: 1.646700 ms  DeleteObjects: 0.046000 ms)

========================================================================
Received Prepare
Registering precompiled user dll's ...
Registered in 0.000980 seconds.
Begin MonoManager ReloadAssembly
Native extension for WindowsStandalone target not found
Refreshing native plugins compatible for Editor in 0.20 ms, found 0 plugins.
Preloading 0 native plugins for Editor in 0.00 ms.
Invoked RoslynAnalysisRunner static constructor.
RoslynAnalysisRunner will not be running.
RoslynAnalysisRunner has terminated.
Mono: successfully reloaded assembly
- Completed reload, in  0.787 seconds
Platform modules already initialized, skipping
Refreshing native plugins compatible for Editor in 0.18 ms, found 0 plugins.
Preloading 0 native plugins for Editor in 0.00 ms.
Unloading 1095 Unused Serialized files (Serialized files now loaded: 0)
System memory in use before: 60.8 MB.
System memory in use after: 60.9 MB.

Unloading 5 unused Assets to reduce memory usage. Loaded Objects now: 1597.
Total: 1.656300 ms (FindLiveObjects: 0.207300 ms CreateObjectMapping: 0.062700 ms MarkObjects: 1.340000 ms  DeleteObjects: 0.044400 ms)

========================================================================
Received Prepare
Registering precompiled user dll's ...
Registered in 0.000990 seconds.
Begin MonoManager ReloadAssembly
Native extension for WindowsStandalone target not found
Refreshing native plugins compatible for Editor in 0.19 ms, found 0 plugins.
Preloading 0 native plugins for Editor in 0.00 ms.
Invoked RoslynAnalysisRunner static constructor.
RoslynAnalysisRunner will not be running.
RoslynAnalysisRunner has terminated.
Mono: successfully reloaded assembly
- Completed reload, in  0.769 seconds
Platform modules already initialized, skipping
Refreshing native plugins compatible for Editor in 0.18 ms, found 0 plugins.
Preloading 0 native plugins for Editor in 0.00 ms.
Unloading 1095 Unused Serialized files (Serialized files now loaded: 0)
System memory in use before: 60.9 MB.
System memory in use after: 61.0 MB.

Unloading 5 unused Assets to reduce memory usage. Loaded Objects now: 1599.
Total: 1.536000 ms (FindLiveObjects: 0.143100 ms CreateObjectMapping: 0.036300 ms MarkObjects: 1.308000 ms  DeleteObjects: 0.047700 ms)

========================================================================
Received Prepare
Registering precompiled user dll's ...
Registered in 0.000906 seconds.
Begin MonoManager ReloadAssembly
Native extension for WindowsStandalone target not found
Refreshing native plugins compatible for Editor in 0.21 ms, found 0 plugins.
Preloading 0 native plugins for Editor in 0.00 ms.
Invoked RoslynAnalysisRunner static constructor.
RoslynAnalysisRunner will not be running.
RoslynAnalysisRunner has terminated.
Mono: successfully reloaded assembly
- Completed reload, in  0.798 seconds
Platform modules already initialized, skipping
Refreshing native plugins compatible for Editor in 0.18 ms, found 0 plugins.
Preloading 0 native plugins for Editor in 0.00 ms.
Unloading 1095 Unused Serialized files (Serialized files now loaded: 0)
System memory in use before: 61.0 MB.
System memory in use after: 61.0 MB.

Unloading 5 unused Assets to reduce memory usage. Loaded Objects now: 1601.
Total: 1.626900 ms (FindLiveObjects: 0.227800 ms CreateObjectMapping: 0.060400 ms MarkObjects: 1.290800 ms  DeleteObjects: 0.046700 ms)

========================================================================
Received Prepare
Registering precompiled user dll's ...
Registered in 0.000959 seconds.
Begin MonoManager ReloadAssembly
Native extension for WindowsStandalone target not found
Refreshing native plugins compatible for Editor in 0.20 ms, found 0 plugins.
Preloading 0 native plugins for Editor in 0.00 ms.
Invoked RoslynAnalysisRunner static constructor.
RoslynAnalysisRunner will not be running.
RoslynAnalysisRunner has terminated.
Mono: successfully reloaded assembly
- Completed reload, in  0.784 seconds
Platform modules already initialized, skipping
Refreshing native plugins compatible for Editor in 0.21 ms, found 0 plugins.
Preloading 0 native plugins for Editor in 0.00 ms.
Unloading 1095 Unused Serialized files (Serialized files now loaded: 0)
System memory in use before: 61.0 MB.
System memory in use after: 61.1 MB.

Unloading 5 unused Assets to reduce memory usage. Loaded Objects now: 1603.
Total: 2.280600 ms (FindLiveObjects: 0.206400 ms CreateObjectMapping: 0.071100 ms MarkObjects: 1.956000 ms  DeleteObjects: 0.045300 ms)

========================================================================
Received Prepare
Registering precompiled user dll's ...
Registered in 0.001072 seconds.
Begin MonoManager ReloadAssembly
Native extension for WindowsStandalone target not found
Refreshing native plugins compatible for Editor in 0.22 ms, found 0 plugins.
Preloading 0 native plugins for Editor in 0.00 ms.
Invoked RoslynAnalysisRunner static constructor.
RoslynAnalysisRunner will not be running.
RoslynAnalysisRunner has terminated.
Mono: successfully reloaded assembly
- Completed reload, in  0.827 seconds
Platform modules already initialized, skipping
Refreshing native plugins compatible for Editor in 0.19 ms, found 0 plugins.
Preloading 0 native plugins for Editor in 0.00 ms.
Unloading 1095 Unused Serialized files (Serialized files now loaded: 0)
System memory in use before: 61.1 MB.
System memory in use after: 61.2 MB.

Unloading 5 unused Assets to reduce memory usage. Loaded Objects now: 1605.
Total: 1.878500 ms (FindLiveObjects: 0.197400 ms CreateObjectMapping: 0.050400 ms MarkObjects: 1.577000 ms  DeleteObjects: 0.052200 ms)

========================================================================
Received Prepare
Registering precompiled user dll's ...
Registered in 0.000974 seconds.
Begin MonoManager ReloadAssembly
Native extension for WindowsStandalone target not found
Refreshing native plugins compatible for Editor in 0.19 ms, found 0 plugins.
Preloading 0 native plugins for Editor in 0.00 ms.
Invoked RoslynAnalysisRunner static constructor.
RoslynAnalysisRunner will not be running.
RoslynAnalysisRunner has terminated.
Mono: successfully reloaded assembly
- Completed reload, in  0.774 seconds
Platform modules already initialized, skipping
Refreshing native plugins compatible for Editor in 0.20 ms, found 0 plugins.
Preloading 0 native plugins for Editor in 0.00 ms.
Unloading 1095 Unused Serialized files (Serialized files now loaded: 0)
System memory in use before: 61.2 MB.
System memory in use after: 61.3 MB.

Unloading 5 unused Assets to reduce memory usage. Loaded Objects now: 1607.
Total: 1.593200 ms (FindLiveObjects: 0.203200 ms CreateObjectMapping: 0.051000 ms MarkObjects: 1.291200 ms  DeleteObjects: 0.045100 ms)

========================================================================
Received Prepare
Registering precompiled user dll's ...
Registered in 0.000953 seconds.
Begin MonoManager ReloadAssembly
Native extension for WindowsStandalone target not found
Refreshing native plugins compatible for Editor in 0.19 ms, found 0 plugins.
Preloading 0 native plugins for Editor in 0.00 ms.
Invoked RoslynAnalysisRunner static constructor.
RoslynAnalysisRunner will not be running.
RoslynAnalysisRunner has terminated.
Mono: successfully reloaded assembly
- Completed reload, in  0.771 seconds
Platform modules already initialized, skipping
Refreshing native plugins compatible for Editor in 0.19 ms, found 0 plugins.
Preloading 0 native plugins for Editor in 0.00 ms.
Unloading 1095 Unused Serialized files (Serialized files now loaded: 0)
System memory in use before: 61.3 MB.
System memory in use after: 61.3 MB.

Unloading 5 unused Assets to reduce memory usage. Loaded Objects now: 1609.
Total: 1.773900 ms (FindLiveObjects: 0.153300 ms CreateObjectMapping: 0.035500 ms MarkObjects: 1.534500 ms  DeleteObjects: 0.048900 ms)

========================================================================
Received Prepare
Registering precompiled user dll's ...
Registered in 0.001044 seconds.
Begin MonoManager ReloadAssembly
Native extension for WindowsStandalone target not found
Refreshing native plugins compatible for Editor in 0.18 ms, found 0 plugins.
Preloading 0 native plugins for Editor in 0.00 ms.
Invoked RoslynAnalysisRunner static constructor.
RoslynAnalysisRunner will not be running.
RoslynAnalysisRunner has terminated.
Mono: successfully reloaded assembly
- Completed reload, in  0.750 seconds
Platform modules already initialized, skipping
Refreshing native plugins compatible for Editor in 0.19 ms, found 0 plugins.
Preloading 0 native plugins for Editor in 0.00 ms.
Unloading 1095 Unused Serialized files (Serialized files now loaded: 0)
System memory in use before: 61.3 MB.
System memory in use after: 61.4 MB.

Unloading 5 unused Assets to reduce memory usage. Loaded Objects now: 1611.
Total: 1.504300 ms (FindLiveObjects: 0.125800 ms CreateObjectMapping: 0.034000 ms MarkObjects: 1.298400 ms  DeleteObjects: 0.045000 ms)

========================================================================
Received Prepare
Registering precompiled user dll's ...
Registered in 0.001020 seconds.
Begin MonoManager ReloadAssembly
Native extension for WindowsStandalone target not found
Refreshing native plugins compatible for Editor in 0.18 ms, found 0 plugins.
Preloading 0 native plugins for Editor in 0.00 ms.
Invoked RoslynAnalysisRunner static constructor.
RoslynAnalysisRunner will not be running.
RoslynAnalysisRunner has terminated.
Mono: successfully reloaded assembly
- Completed reload, in  0.770 seconds
Platform modules already initialized, skipping
Refreshing native plugins compatible for Editor in 0.19 ms, found 0 plugins.
Preloading 0 native plugins for Editor in 0.00 ms.
Unloading 1095 Unused Serialized files (Serialized files now loaded: 0)
System memory in use before: 61.4 MB.
System memory in use after: 61.5 MB.

Unloading 5 unused Assets to reduce memory usage. Loaded Objects now: 1613.
Total: 1.734400 ms (FindLiveObjects: 0.222900 ms CreateObjectMapping: 0.051100 ms MarkObjects: 1.408800 ms  DeleteObjects: 0.048700 ms)

========================================================================
Received Prepare
Registering precompiled user dll's ...
Registered in 0.002302 seconds.
Begin MonoManager ReloadAssembly
Native extension for WindowsStandalone target not found
Refreshing native plugins compatible for Editor in 0.19 ms, found 0 plugins.
Preloading 0 native plugins for Editor in 0.00 ms.
Invoked RoslynAnalysisRunner static constructor.
RoslynAnalysisRunner will not be running.
RoslynAnalysisRunner has terminated.
Mono: successfully reloaded assembly
- Completed reload, in  0.828 seconds
Platform modules already initialized, skipping
Refreshing native plugins compatible for Editor in 0.18 ms, found 0 plugins.
Preloading 0 native plugins for Editor in 0.00 ms.
Unloading 1095 Unused Serialized files (Serialized files now loaded: 0)
System memory in use before: 61.5 MB.
System memory in use after: 61.5 MB.

Unloading 5 unused Assets to reduce memory usage. Loaded Objects now: 1615.
Total: 1.628300 ms (FindLiveObjects: 0.133300 ms CreateObjectMapping: 0.030300 ms MarkObjects: 1.411200 ms  DeleteObjects: 0.052000 ms)

========================================================================
Received Prepare
Registering precompiled user dll's ...
Registered in 0.000954 seconds.
Begin MonoManager ReloadAssembly
Native extension for WindowsStandalone target not found
Refreshing native plugins compatible for Editor in 0.18 ms, found 0 plugins.
Preloading 0 native plugins for Editor in 0.00 ms.
Invoked RoslynAnalysisRunner static constructor.
RoslynAnalysisRunner will not be running.
RoslynAnalysisRunner has terminated.
Mono: successfully reloaded assembly
- Completed reload, in  0.771 seconds
Platform modules already initialized, skipping
Refreshing native plugins compatible for Editor in 0.18 ms, found 0 plugins.
Preloading 0 native plugins for Editor in 0.00 ms.
Unloading 1095 Unused Serialized files (Serialized files now loaded: 0)
System memory in use before: 61.5 MB.
System memory in use after: 61.6 MB.

Unloading 5 unused Assets to reduce memory usage. Loaded Objects now: 1617.
Total: 1.504300 ms (FindLiveObjects: 0.186200 ms CreateObjectMapping: 0.040200 ms MarkObjects: 1.233700 ms  DeleteObjects: 0.042600 ms)

========================================================================
Received Prepare
Registering precompiled user dll's ...
Registered in 0.000910 seconds.
Begin MonoManager ReloadAssembly
Native extension for WindowsStandalone target not found
Refreshing native plugins compatible for Editor in 0.21 ms, found 0 plugins.
Preloading 0 native plugins for Editor in 0.00 ms.
Invoked RoslynAnalysisRunner static constructor.
RoslynAnalysisRunner will not be running.
RoslynAnalysisRunner has terminated.
Mono: successfully reloaded assembly
- Completed reload, in  0.812 seconds
Platform modules already initialized, skipping
Refreshing native plugins compatible for Editor in 0.24 ms, found 0 plugins.
Preloading 0 native plugins for Editor in 0.00 ms.
Unloading 1095 Unused Serialized files (Serialized files now loaded: 0)
System memory in use before: 61.6 MB.
System memory in use after: 61.7 MB.

Unloading 5 unused Assets to reduce memory usage. Loaded Objects now: 1619.
Total: 1.882300 ms (FindLiveObjects: 0.150900 ms CreateObjectMapping: 0.041000 ms MarkObjects: 1.643800 ms  DeleteObjects: 0.045300 ms)

========================================================================
Received Prepare
Registering precompiled user dll's ...
Registered in 0.001896 seconds.
Begin MonoManager ReloadAssembly
Native extension for WindowsStandalone target not found
Refreshing native plugins compatible for Editor in 0.19 ms, found 0 plugins.
Preloading 0 native plugins for Editor in 0.00 ms.
Invoked RoslynAnalysisRunner static constructor.
RoslynAnalysisRunner will not be running.
RoslynAnalysisRunner has terminated.
Mono: successfully reloaded assembly
- Completed reload, in  0.781 seconds
Platform modules already initialized, skipping
Refreshing native plugins compatible for Editor in 0.18 ms, found 0 plugins.
Preloading 0 native plugins for Editor in 0.00 ms.
Unloading 1095 Unused Serialized files (Serialized files now loaded: 0)
System memory in use before: 61.7 MB.
System memory in use after: 61.8 MB.

Unloading 5 unused Assets to reduce memory usage. Loaded Objects now: 1621.
Total: 1.496800 ms (FindLiveObjects: 0.166500 ms CreateObjectMapping: 0.043600 ms MarkObjects: 1.241000 ms  DeleteObjects: 0.043900 ms)

========================================================================
Received Prepare
Registering precompiled user dll's ...
Registered in 0.001594 seconds.
Begin MonoManager ReloadAssembly
Native extension for WindowsStandalone target not found
Refreshing native plugins compatible for Editor in 0.18 ms, found 0 plugins.
Preloading 0 native plugins for Editor in 0.00 ms.
Invoked RoslynAnalysisRunner static constructor.
RoslynAnalysisRunner will not be running.
RoslynAnalysisRunner has terminated.
Mono: successfully reloaded assembly
- Completed reload, in  0.785 seconds
Platform modules already initialized, skipping
Refreshing native plugins compatible for Editor in 0.18 ms, found 0 plugins.
Preloading 0 native plugins for Editor in 0.00 ms.
Unloading 1095 Unused Serialized files (Serialized files now loaded: 0)
System memory in use before: 61.8 MB.
System memory in use after: 61.8 MB.

Unloading 5 unused Assets to reduce memory usage. Loaded Objects now: 1623.
Total: 1.823000 ms (FindLiveObjects: 0.143600 ms CreateObjectMapping: 0.035800 ms MarkObjects: 1.568900 ms  DeleteObjects: 0.073600 ms)

========================================================================
Received Prepare
Registering precompiled user dll's ...
Registered in 0.001112 seconds.
Begin MonoManager ReloadAssembly
Native extension for WindowsStandalone target not found
Refreshing native plugins compatible for Editor in 0.20 ms, found 0 plugins.
Preloading 0 native plugins for Editor in 0.00 ms.
Invoked RoslynAnalysisRunner static constructor.
RoslynAnalysisRunner will not be running.
RoslynAnalysisRunner has terminated.
Mono: successfully reloaded assembly
- Completed reload, in  1.007 seconds
Platform modules already initialized, skipping
Refreshing native plugins compatible for Editor in 0.21 ms, found 0 plugins.
Preloading 0 native plugins for Editor in 0.00 ms.
Unloading 1095 Unused Serialized files (Serialized files now loaded: 0)
System memory in use before: 61.8 MB.
System memory in use after: 61.9 MB.

Unloading 5 unused Assets to reduce memory usage. Loaded Objects now: 1625.
Total: 3.088400 ms (FindLiveObjects: 0.377100 ms CreateObjectMapping: 0.090300 ms MarkObjects: 2.546900 ms  DeleteObjects: 0.070300 ms)

========================================================================
Received Prepare
Registering precompiled user dll's ...
Registered in 0.001151 seconds.
Begin MonoManager ReloadAssembly
Native extension for WindowsStandalone target not found
Refreshing native plugins compatible for Editor in 0.19 ms, found 0 plugins.
Preloading 0 native plugins for Editor in 0.00 ms.
Invoked RoslynAnalysisRunner static constructor.
RoslynAnalysisRunner will not be running.
RoslynAnalysisRunner has terminated.
Mono: successfully reloaded assembly
- Completed reload, in  0.771 seconds
Platform modules already initialized, skipping
Refreshing native plugins compatible for Editor in 0.23 ms, found 0 plugins.
Preloading 0 native plugins for Editor in 0.00 ms.
Unloading 1095 Unused Serialized files (Serialized files now loaded: 0)
System memory in use before: 61.9 MB.
System memory in use after: 62.0 MB.

Unloading 5 unused Assets to reduce memory usage. Loaded Objects now: 1627.
Total: 1.587700 ms (FindLiveObjects: 0.188100 ms CreateObjectMapping: 0.038700 ms MarkObjects: 1.308900 ms  DeleteObjects: 0.050300 ms)

========================================================================
Received Prepare
Registering precompiled user dll's ...
Registered in 0.000969 seconds.
Begin MonoManager ReloadAssembly
Native extension for WindowsStandalone target not found
Refreshing native plugins compatible for Editor in 0.19 ms, found 0 plugins.
Preloading 0 native plugins for Editor in 0.00 ms.
Invoked RoslynAnalysisRunner static constructor.
RoslynAnalysisRunner will not be running.
RoslynAnalysisRunner has terminated.
Mono: successfully reloaded assembly
- Completed reload, in  0.745 seconds
Platform modules already initialized, skipping
Refreshing native plugins compatible for Editor in 0.18 ms, found 0 plugins.
Preloading 0 native plugins for Editor in 0.00 ms.
Unloading 1095 Unused Serialized files (Serialized files now loaded: 0)
System memory in use before: 62.0 MB.
System memory in use after: 62.1 MB.

Unloading 5 unused Assets to reduce memory usage. Loaded Objects now: 1629.
Total: 1.639500 ms (FindLiveObjects: 0.219800 ms CreateObjectMapping: 0.065700 ms MarkObjects: 1.304200 ms  DeleteObjects: 0.048300 ms)

AssetImportWorkerClient::OnTransportError - code=2 error=End of file
