Using pre-set license
Built from '2020.3/staging' branch; Version is '2020.3.3f1 (76626098c1c4) revision 7758432'; Using compiler version '192528614'; Build Type 'Release'
OS: 'Windows 10 Home; OS build 19042.1237; Version 2009; 64bit' Language: 'en' Physical Memory: 16326 MB
BatchMode: 1, IsHumanControllingUs: 0, StartBugReporterOnCrash: 0, Is64bit: 1, IsPro: 0

 COMMAND LINE ARGUMENTS:
C:\Program Files\Unity\Hub\Editor\2020.3.3f1\Editor\Unity.exe
-adb2
-batchMode
-noUpm
-name
AssetImportWorker0
-projectPath
C:/Users/Sold Smyth/Documents/GitHub/RevengeOfThePiggies/GameDevII/PlatformerRepository
-logFile
Logs/AssetImportWorker0.log
-srvPort
57930
Successfully changed project path to: C:/Users/Sold Smyth/Documents/GitHub/RevengeOfThePiggies/GameDevII/PlatformerRepository
C:/Users/Sold Smyth/Documents/GitHub/RevengeOfThePiggies/GameDevII/PlatformerRepository
Using Asset Import Pipeline V2.
Refreshing native plugins compatible for Editor in 25.88 ms, found 0 plugins.
Preloading 0 native plugins for Editor in 0.00 ms.
Initialize engine version: 2020.3.3f1 (76626098c1c4)
[Subsystems] Discovering subsystems at path C:/Program Files/Unity/Hub/Editor/2020.3.3f1/Editor/Data/Resources/UnitySubsystems
[Subsystems] Discovering subsystems at path C:/Users/Sold Smyth/Documents/GitHub/RevengeOfThePiggies/GameDevII/PlatformerRepository/Assets
GfxDevice: creating device client; threaded=0
Direct3D:
    Version:  Direct3D 11.0 [level 11.1]
    Renderer: NVIDIA GeForce GTX 1070 (ID=0x1b81)
    Vendor:   
    VRAM:     8088 MB
    Driver:   27.21.14.6079
Initialize mono
Mono path[0] = 'C:/Program Files/Unity/Hub/Editor/2020.3.3f1/Editor/Data/Managed'
Mono path[1] = 'C:/Program Files/Unity/Hub/Editor/2020.3.3f1/Editor/Data/MonoBleedingEdge/lib/mono/unityjit'
Mono config path = 'C:/Program Files/Unity/Hub/Editor/2020.3.3f1/Editor/Data/MonoBleedingEdge/etc'
Using monoOptions --debugger-agent=transport=dt_socket,embedding=1,server=y,suspend=n,address=127.0.0.1:56364
Begin MonoManager ReloadAssembly
Registering precompiled unity dll's ...
Register platform support module: C:/Program Files/Unity/Hub/Editor/2020.3.3f1/Editor/Data/PlaybackEngines/WindowsStandaloneSupport/UnityEditor.WindowsStandalone.Extensions.dll
Registered in 0.003292 seconds.
Native extension for WindowsStandalone target not found
Refreshing native plugins compatible for Editor in 24.99 ms, found 0 plugins.
Preloading 0 native plugins for Editor in 0.00 ms.
Invoked RoslynAnalysisRunner static constructor.
RoslynAnalysisRunner will not be running.
RoslynAnalysisRunner has terminated.
Mono: successfully reloaded assembly
- Completed reload, in  1.297 seconds
Platform modules already initialized, skipping
Registering precompiled user dll's ...
Registered in 0.001059 seconds.
Begin MonoManager ReloadAssembly
Native extension for WindowsStandalone target not found
Refreshing native plugins compatible for Editor in 0.19 ms, found 0 plugins.
Preloading 0 native plugins for Editor in 0.00 ms.
Invoked RoslynAnalysisRunner static constructor.
RoslynAnalysisRunner will not be running.
RoslynAnalysisRunner has terminated.
Mono: successfully reloaded assembly
- Completed reload, in  0.893 seconds
Platform modules already initialized, skipping
========================================================================
Worker process is ready to serve import requests
Launched and connected shader compiler UnityShaderCompiler.exe after 0.07 seconds
Refreshing native plugins compatible for Editor in 0.20 ms, found 0 plugins.
Preloading 0 native plugins for Editor in 0.00 ms.
Unloading 1190 Unused Serialized files (Serialized files now loaded: 0)
System memory in use before: 59.6 MB.
System memory in use after: 59.7 MB.

Unloading 13 unused Assets to reduce memory usage. Loaded Objects now: 1637.
Total: 1.921500 ms (FindLiveObjects: 0.187400 ms CreateObjectMapping: 0.068700 ms MarkObjects: 1.569700 ms  DeleteObjects: 0.094100 ms)

========================================================================
Received Import Request.
  path: Packages/com.unity.2d.sprite/Editor/Unity.2D.Sprite.Editor.asmdef
  artifactKey: Guid(2c573e6b271651846a79655161004c5b) Importer(815301076,1909f56bfc062723c751e8b465ee728b)
Start importing Packages/com.unity.2d.sprite/Editor/Unity.2D.Sprite.Editor.asmdef using Guid(2c573e6b271651846a79655161004c5b) Importer(815301076,1909f56bfc062723c751e8b465ee728b)  -> (artifact id: '143011d2a625c2940e8441b5f6f60e85') in 0.053336 seconds
  Import took 0.055815 seconds .

========================================================================
Received Import Request.
  Time since last request: 0.000369 seconds.
  path: Packages/com.unity.2d.sprite/Editor
  artifactKey: Guid(16fa2ad734f422245b86558310973ad1) Importer(815301076,1909f56bfc062723c751e8b465ee728b)
Start importing Packages/com.unity.2d.sprite/Editor using Guid(16fa2ad734f422245b86558310973ad1) Importer(815301076,1909f56bfc062723c751e8b465ee728b)  -> (artifact id: 'af577d390ccdfb426a436f3f3da9671a') in 0.010981 seconds
  Import took 0.013550 seconds .

========================================================================
Received Import Request.
  Time since last request: 168.694126 seconds.
  path: Packages/com.unity.ext.nunit/package.json
  artifactKey: Guid(8143d3a8390f2c64685e3bc272bd9e90) Importer(815301076,1909f56bfc062723c751e8b465ee728b)
Start importing Packages/com.unity.ext.nunit/package.json using Guid(8143d3a8390f2c64685e3bc272bd9e90) Importer(815301076,1909f56bfc062723c751e8b465ee728b)  -> (artifact id: '836361b027ed3081372cc1d06d1f1a61') in 0.031126 seconds
  Import took 0.034596 seconds .

========================================================================
Received Import Request.
  Time since last request: 0.875396 seconds.
  path: Packages/com.unity.timeline/package.json
  artifactKey: Guid(13a9c1b4df2e489e8eb9cacca7429596) Importer(815301076,1909f56bfc062723c751e8b465ee728b)
Start importing Packages/com.unity.timeline/package.json using Guid(13a9c1b4df2e489e8eb9cacca7429596) Importer(815301076,1909f56bfc062723c751e8b465ee728b)  -> (artifact id: '09144c7e5b964b5c91dce928afb4eb44') in 0.017607 seconds
  Import took 0.021971 seconds .

========================================================================
Received Import Request.
  Time since last request: 0.421537 seconds.
  path: Packages/com.unity.collab-proxy/package.json
  artifactKey: Guid(743fda8c4b219c8429fb5a77ede1c879) Importer(815301076,1909f56bfc062723c751e8b465ee728b)
Start importing Packages/com.unity.collab-proxy/package.json using Guid(743fda8c4b219c8429fb5a77ede1c879) Importer(815301076,1909f56bfc062723c751e8b465ee728b)  -> (artifact id: '80bd04875ee24a2d2fd40701069c2c6a') in 0.020209 seconds
  Import took 0.026625 seconds .

========================================================================
Received Import Request.
  Time since last request: 0.389066 seconds.
  path: Packages/com.unity.ugui/package.json
  artifactKey: Guid(319b8889f363f5947acf209c17a94149) Importer(815301076,1909f56bfc062723c751e8b465ee728b)
Start importing Packages/com.unity.ugui/package.json using Guid(319b8889f363f5947acf209c17a94149) Importer(815301076,1909f56bfc062723c751e8b465ee728b)  -> (artifact id: 'bf7ff7154289ef6286e3f6072029515c') in 0.015366 seconds
  Import took 0.017858 seconds .

========================================================================
Received Import Request.
  Time since last request: 0.753098 seconds.
  path: Packages/com.unity.ide.vscode/package.json
  artifactKey: Guid(ffc6271f08270b64ca0aae9c49235d81) Importer(815301076,1909f56bfc062723c751e8b465ee728b)
Start importing Packages/com.unity.ide.vscode/package.json using Guid(ffc6271f08270b64ca0aae9c49235d81) Importer(815301076,1909f56bfc062723c751e8b465ee728b)  -> (artifact id: 'b856896c1da80ff02e34a647fe0c73c4') in 0.036892 seconds
  Import took 0.041571 seconds .

========================================================================
Received Import Request.
  Time since last request: 1.616890 seconds.
  path: Packages/com.unity.ide.visualstudio/package.json
  artifactKey: Guid(656f74f6edaa396458412b9e3903d8cd) Importer(815301076,1909f56bfc062723c751e8b465ee728b)
Start importing Packages/com.unity.ide.visualstudio/package.json using Guid(656f74f6edaa396458412b9e3903d8cd) Importer(815301076,1909f56bfc062723c751e8b465ee728b)  -> (artifact id: '24a52f48ff9e34bc9ef6658f10f2ad4c') in 0.011647 seconds
  Import took 0.014874 seconds .

========================================================================
Received Import Request.
  Time since last request: 0.857737 seconds.
  path: Packages/com.unity.test-framework/package.json
  artifactKey: Guid(d6a2e6e4803de7b43baacdc355fc144d) Importer(815301076,1909f56bfc062723c751e8b465ee728b)
Start importing Packages/com.unity.test-framework/package.json using Guid(d6a2e6e4803de7b43baacdc355fc144d) Importer(815301076,1909f56bfc062723c751e8b465ee728b)  -> (artifact id: '87d4f89fba4373604071d2293d98085c') in 0.016087 seconds
  Import took 0.023487 seconds .

========================================================================
Received Prepare
Registering precompiled user dll's ...
Registered in 0.001137 seconds.
Begin MonoManager ReloadAssembly
Native extension for WindowsStandalone target not found
Refreshing native plugins compatible for Editor in 0.20 ms, found 0 plugins.
Preloading 0 native plugins for Editor in 0.00 ms.
Invoked RoslynAnalysisRunner static constructor.
RoslynAnalysisRunner will not be running.
RoslynAnalysisRunner has terminated.
Mono: successfully reloaded assembly
- Completed reload, in  1.072 seconds
Platform modules already initialized, skipping
Refreshing native plugins compatible for Editor in 0.21 ms, found 0 plugins.
Preloading 0 native plugins for Editor in 0.00 ms.
Unloading 1184 Unused Serialized files (Serialized files now loaded: 0)
System memory in use before: 59.5 MB.
System memory in use after: 59.6 MB.

Unloading 4 unused Assets to reduce memory usage. Loaded Objects now: 1640.
Total: 2.208600 ms (FindLiveObjects: 0.171200 ms CreateObjectMapping: 0.043300 ms MarkObjects: 1.969600 ms  DeleteObjects: 0.023100 ms)

========================================================================
Received Import Request.
  Time since last request: 538.719566 seconds.
  path: Assets/TileMaps/Bottom Left.asset
  artifactKey: Guid(aa86d315fe4862542994b4cb546837ad) Importer(815301076,1909f56bfc062723c751e8b465ee728b)
Start importing Assets/TileMaps/Bottom Left.asset using Guid(aa86d315fe4862542994b4cb546837ad) Importer(815301076,1909f56bfc062723c751e8b465ee728b)  -> (artifact id: '259070163c771ff0136ffd7713af239d') in 0.070917 seconds
  Import took 0.073120 seconds .

========================================================================
Received Import Request.
  Time since last request: 0.000627 seconds.
  path: Assets/TileMaps/Bottom Right.asset
  artifactKey: Guid(6db86867c55189c4eb521f3424c36927) Importer(815301076,1909f56bfc062723c751e8b465ee728b)
Start importing Assets/TileMaps/Bottom Right.asset using Guid(6db86867c55189c4eb521f3424c36927) Importer(815301076,1909f56bfc062723c751e8b465ee728b)  -> (artifact id: '16c78252ed180623b345a311273942c2') in 0.014005 seconds
  Import took 0.015845 seconds .

========================================================================
Received Import Request.
  Time since last request: 0.000444 seconds.
  path: Assets/TileMaps/Top.asset
  artifactKey: Guid(6f494c80a4582ee4ab51b263947b2212) Importer(815301076,1909f56bfc062723c751e8b465ee728b)
Start importing Assets/TileMaps/Top.asset using Guid(6f494c80a4582ee4ab51b263947b2212) Importer(815301076,1909f56bfc062723c751e8b465ee728b)  -> (artifact id: '5effe9ac40e0bee181f7623d48dc0cb9') in 0.014411 seconds
  Import took 0.017395 seconds .

========================================================================
Received Import Request.
  Time since last request: 0.000528 seconds.
  path: Assets/TileMaps/Top Left.asset
  artifactKey: Guid(ccaf1a1ab5289d84bb2c5104a46aa88b) Importer(815301076,1909f56bfc062723c751e8b465ee728b)
Start importing Assets/TileMaps/Top Left.asset using Guid(ccaf1a1ab5289d84bb2c5104a46aa88b) Importer(815301076,1909f56bfc062723c751e8b465ee728b)  -> (artifact id: '558114c9547a66739f95a11a86f6fb6d') in 0.015039 seconds
  Import took 0.017390 seconds .

========================================================================
Received Import Request.
  Time since last request: 0.000410 seconds.
  path: Assets/TileMaps/Slope Under Left.asset
  artifactKey: Guid(941c0538845187f4785764523733b6b1) Importer(815301076,1909f56bfc062723c751e8b465ee728b)
Start importing Assets/TileMaps/Slope Under Left.asset using Guid(941c0538845187f4785764523733b6b1) Importer(815301076,1909f56bfc062723c751e8b465ee728b)  -> (artifact id: '35ea64e6a539bc7a91d5d50fcb26108f') in 0.015037 seconds
  Import took 0.017731 seconds .

========================================================================
Received Import Request.
  Time since last request: 0.000488 seconds.
  path: Assets/TileMaps/Middle Left.asset
  artifactKey: Guid(9a1f72f1005fbac4dbf50c6c74542a69) Importer(815301076,1909f56bfc062723c751e8b465ee728b)
Start importing Assets/TileMaps/Middle Left.asset using Guid(9a1f72f1005fbac4dbf50c6c74542a69) Importer(815301076,1909f56bfc062723c751e8b465ee728b)  -> (artifact id: 'f49983481e1ec0569c9241cc5b9ad617') in 0.013941 seconds
  Import took 0.016800 seconds .

========================================================================
Received Import Request.
  Time since last request: 0.000442 seconds.
  path: Assets/TileMaps/Single.asset
  artifactKey: Guid(452d3d738fb266846b806fe08faa6f5c) Importer(815301076,1909f56bfc062723c751e8b465ee728b)
Start importing Assets/TileMaps/Single.asset using Guid(452d3d738fb266846b806fe08faa6f5c) Importer(815301076,1909f56bfc062723c751e8b465ee728b)  -> (artifact id: 'dc046e61690b4b568450dc10f1b40e99') in 0.015621 seconds
  Import took 0.017693 seconds .

========================================================================
Received Import Request.
  Time since last request: 0.000406 seconds.
  path: Assets/TileMaps/Single Left.asset
  artifactKey: Guid(ac194a70cafb84e4ba3beee1071c97bd) Importer(815301076,1909f56bfc062723c751e8b465ee728b)
Start importing Assets/TileMaps/Single Left.asset using Guid(ac194a70cafb84e4ba3beee1071c97bd) Importer(815301076,1909f56bfc062723c751e8b465ee728b)  -> (artifact id: '6f5f61a15e484216b50994af9218ceae') in 0.014699 seconds
  Import took 0.017083 seconds .

========================================================================
Received Import Request.
  Time since last request: 0.000323 seconds.
  path: Assets/TileMaps/Top Right.asset
  artifactKey: Guid(0d9a25d842034af4f86e64085b45eb21) Importer(815301076,1909f56bfc062723c751e8b465ee728b)
Start importing Assets/TileMaps/Top Right.asset using Guid(0d9a25d842034af4f86e64085b45eb21) Importer(815301076,1909f56bfc062723c751e8b465ee728b)  -> (artifact id: 'f9f6fb1d465c1c16d3bc08b62e3e1f14') in 0.015473 seconds
  Import took 0.017944 seconds .

========================================================================
Received Import Request.
  Time since last request: 0.000442 seconds.
  path: Assets/TileMaps/Slope Under Right.asset
  artifactKey: Guid(1c65c4ec79f638348b7afcd83c6e1987) Importer(815301076,1909f56bfc062723c751e8b465ee728b)
Start importing Assets/TileMaps/Slope Under Right.asset using Guid(1c65c4ec79f638348b7afcd83c6e1987) Importer(815301076,1909f56bfc062723c751e8b465ee728b)  -> (artifact id: '8d334e21ea4347a75877bb4902107b7f') in 0.015094 seconds
  Import took 0.017277 seconds .

========================================================================
Received Import Request.
  Time since last request: 0.000311 seconds.
  path: Assets/TileMaps/Bottom.asset
  artifactKey: Guid(4482ef03700476444b60985c0c901ca5) Importer(815301076,1909f56bfc062723c751e8b465ee728b)
Start importing Assets/TileMaps/Bottom.asset using Guid(4482ef03700476444b60985c0c901ca5) Importer(815301076,1909f56bfc062723c751e8b465ee728b)  -> (artifact id: '7c3bab2bbe7115ab971f67747f1121a2') in 0.015489 seconds
  Import took 0.018037 seconds .

========================================================================
Received Import Request.
  Time since last request: 0.000229 seconds.
  path: Assets/TileMaps/Middle.asset
  artifactKey: Guid(a6412cd56bcbb9644aeff56a04fee3b1) Importer(815301076,1909f56bfc062723c751e8b465ee728b)
Start importing Assets/TileMaps/Middle.asset using Guid(a6412cd56bcbb9644aeff56a04fee3b1) Importer(815301076,1909f56bfc062723c751e8b465ee728b)  -> (artifact id: '75c73f2ab7990ef24b372082a4a2a1bb') in 0.014682 seconds
  Import took 0.016789 seconds .

========================================================================
Received Import Request.
  Time since last request: 0.000344 seconds.
  path: Assets/TileMaps/GroundTiles.prefab
  artifactKey: Guid(52c699fe05977d3438f5237d6413f604) Importer(815301076,1909f56bfc062723c751e8b465ee728b)
Start importing Assets/TileMaps/GroundTiles.prefab using Guid(52c699fe05977d3438f5237d6413f604) Importer(815301076,1909f56bfc062723c751e8b465ee728b)  -> (artifact id: '6225fb08ef3c7002e5cf338eeed7b7a7') in 0.018615 seconds
  Import took 0.020932 seconds .

========================================================================
Received Import Request.
  Time since last request: 0.000292 seconds.
  path: Assets/TileMaps/Single Right.asset
  artifactKey: Guid(d4047e3560c0b8442b3e50b59724e646) Importer(815301076,1909f56bfc062723c751e8b465ee728b)
Start importing Assets/TileMaps/Single Right.asset using Guid(d4047e3560c0b8442b3e50b59724e646) Importer(815301076,1909f56bfc062723c751e8b465ee728b)  -> (artifact id: '9f8797fda7fac38ebe06aed00f724761') in 0.013441 seconds
  Import took 0.015735 seconds .

========================================================================
Received Import Request.
  Time since last request: 0.000374 seconds.
  path: Assets/TileMaps/Slope Right.asset
  artifactKey: Guid(3c4061f9d8f80304a978eeced2554914) Importer(815301076,1909f56bfc062723c751e8b465ee728b)
Start importing Assets/TileMaps/Slope Right.asset using Guid(3c4061f9d8f80304a978eeced2554914) Importer(815301076,1909f56bfc062723c751e8b465ee728b)  -> (artifact id: 'f20418ee81c30fb0a76abcef2de94858') in 0.014512 seconds
  Import took 0.017417 seconds .

========================================================================
Received Import Request.
  Time since last request: 0.000299 seconds.
  path: Assets/TileMaps/Middle Right.asset
  artifactKey: Guid(eae653f81fc68074e8799faeb09b7ad7) Importer(815301076,1909f56bfc062723c751e8b465ee728b)
Start importing Assets/TileMaps/Middle Right.asset using Guid(eae653f81fc68074e8799faeb09b7ad7) Importer(815301076,1909f56bfc062723c751e8b465ee728b)  -> (artifact id: 'ba675f84e4bfcdc88f6bb5cf6a6f758f') in 0.013684 seconds
  Import took 0.016024 seconds .

========================================================================
Received Import Request.
  Time since last request: 0.000293 seconds.
  path: Assets/TileMaps/Slope Left.asset
  artifactKey: Guid(76b6f41d5c73e5f47a0904313d73b04f) Importer(815301076,1909f56bfc062723c751e8b465ee728b)
Start importing Assets/TileMaps/Slope Left.asset using Guid(76b6f41d5c73e5f47a0904313d73b04f) Importer(815301076,1909f56bfc062723c751e8b465ee728b)  -> (artifact id: 'f7992eec949e01dc0ebc6d04229df8c4') in 0.015536 seconds
  Import took 0.018402 seconds .

========================================================================
Received Import Request.
  Time since last request: 13.392571 seconds.
  path: Packages/com.unity.timeline/DocCodeExamples
  artifactKey: Guid(5486badfefef3eb47b45d071d232469d) Importer(815301076,1909f56bfc062723c751e8b465ee728b)
Start importing Packages/com.unity.timeline/DocCodeExamples using Guid(5486badfefef3eb47b45d071d232469d) Importer(815301076,1909f56bfc062723c751e8b465ee728b)  -> (artifact id: '37a73f1b7d2657f517708899fa4f8d4c') in 0.009835 seconds
  Import took 0.011946 seconds .

========================================================================
Received Import Request.
  Time since last request: 0.014923 seconds.
  path: Packages/com.unity.timeline/DocCodeExamples/DocCodeExamples.asmdef
  artifactKey: Guid(9550f6b9c1ac87345a996c43f204fb30) Importer(815301076,1909f56bfc062723c751e8b465ee728b)
Start importing Packages/com.unity.timeline/DocCodeExamples/DocCodeExamples.asmdef using Guid(9550f6b9c1ac87345a996c43f204fb30) Importer(815301076,1909f56bfc062723c751e8b465ee728b)  -> (artifact id: '76a9196fd423f6429df68fb9f719d57f') in 0.004557 seconds
  Import took 0.006857 seconds .

========================================================================
Received Import Request.
  Time since last request: 3.083484 seconds.
  path: Packages/com.unity.ide.rider/package.json
  artifactKey: Guid(66c95bb3c74257f41bae2622511dc02d) Importer(815301076,1909f56bfc062723c751e8b465ee728b)
Start importing Packages/com.unity.ide.rider/package.json using Guid(66c95bb3c74257f41bae2622511dc02d) Importer(815301076,1909f56bfc062723c751e8b465ee728b)  -> (artifact id: 'e22017113db16c33598244f39b8988e0') in 0.013137 seconds
  Import took 0.016549 seconds .

========================================================================
Received Prepare
Registering precompiled user dll's ...
Registered in 0.001160 seconds.
Begin MonoManager ReloadAssembly
Native extension for WindowsStandalone target not found
Refreshing native plugins compatible for Editor in 0.20 ms, found 0 plugins.
Preloading 0 native plugins for Editor in 0.00 ms.
Invoked RoslynAnalysisRunner static constructor.
RoslynAnalysisRunner will not be running.
RoslynAnalysisRunner has terminated.
Mono: successfully reloaded assembly
- Completed reload, in  0.798 seconds
Platform modules already initialized, skipping
Refreshing native plugins compatible for Editor in 0.20 ms, found 0 plugins.
Preloading 0 native plugins for Editor in 0.00 ms.
Unloading 1184 Unused Serialized files (Serialized files now loaded: 0)
System memory in use before: 62.6 MB.
System memory in use after: 62.7 MB.

Unloading 4 unused Assets to reduce memory usage. Loaded Objects now: 1647.
Total: 1.436300 ms (FindLiveObjects: 0.119900 ms CreateObjectMapping: 0.035800 ms MarkObjects: 1.266300 ms  DeleteObjects: 0.013300 ms)

========================================================================
Received Prepare
Registering precompiled user dll's ...
Registered in 0.001043 seconds.
Begin MonoManager ReloadAssembly
Native extension for WindowsStandalone target not found
Refreshing native plugins compatible for Editor in 0.21 ms, found 0 plugins.
Preloading 0 native plugins for Editor in 0.00 ms.
Invoked RoslynAnalysisRunner static constructor.
RoslynAnalysisRunner will not be running.
RoslynAnalysisRunner has terminated.
Mono: successfully reloaded assembly
- Completed reload, in  0.844 seconds
Platform modules already initialized, skipping
Refreshing native plugins compatible for Editor in 0.28 ms, found 0 plugins.
Preloading 0 native plugins for Editor in 0.00 ms.
Unloading 1184 Unused Serialized files (Serialized files now loaded: 0)
System memory in use before: 62.6 MB.
System memory in use after: 62.7 MB.

Unloading 4 unused Assets to reduce memory usage. Loaded Objects now: 1650.
Total: 1.633600 ms (FindLiveObjects: 0.127100 ms CreateObjectMapping: 0.034700 ms MarkObjects: 1.455700 ms  DeleteObjects: 0.014900 ms)

========================================================================
Received Import Request.
  Time since last request: 901.689405 seconds.
  path: Assets/Animations/Animation.anim
  artifactKey: Guid(bc706cc8bcd601447a090d427b4db7f0) Importer(815301076,1909f56bfc062723c751e8b465ee728b)
Start importing Assets/Animations/Animation.anim using Guid(bc706cc8bcd601447a090d427b4db7f0) Importer(815301076,1909f56bfc062723c751e8b465ee728b)  -> (artifact id: '6c9a81f59931b33615711d9ceb694947') in 0.018536 seconds
  Import took 0.021409 seconds .

========================================================================
Received Import Request.
  Time since last request: 0.833413 seconds.
  path: Assets/Animations/Idle 0.controller
  artifactKey: Guid(65772f498a1209544893928ca4379039) Importer(815301076,1909f56bfc062723c751e8b465ee728b)
Start importing Assets/Animations/Idle 0.controller using Guid(65772f498a1209544893928ca4379039) Importer(815301076,1909f56bfc062723c751e8b465ee728b)  -> (artifact id: 'e29345a28f4ead45c1351f2929e2ebeb') in 0.012363 seconds
  Import took 0.014774 seconds .

========================================================================
Received Prepare
Registering precompiled user dll's ...
Registered in 0.001307 seconds.
Begin MonoManager ReloadAssembly
Native extension for WindowsStandalone target not found
Refreshing native plugins compatible for Editor in 0.32 ms, found 0 plugins.
Preloading 0 native plugins for Editor in 0.00 ms.
Invoked RoslynAnalysisRunner static constructor.
RoslynAnalysisRunner will not be running.
RoslynAnalysisRunner has terminated.
Mono: successfully reloaded assembly
- Completed reload, in  0.979 seconds
Platform modules already initialized, skipping
Refreshing native plugins compatible for Editor in 0.64 ms, found 0 plugins.
Preloading 0 native plugins for Editor in 0.00 ms.
Unloading 1185 Unused Serialized files (Serialized files now loaded: 0)
System memory in use before: 62.6 MB.
System memory in use after: 62.7 MB.

Unloading 4 unused Assets to reduce memory usage. Loaded Objects now: 1654.
Total: 2.808700 ms (FindLiveObjects: 0.142300 ms CreateObjectMapping: 0.040600 ms MarkObjects: 2.598500 ms  DeleteObjects: 0.025800 ms)

========================================================================
Received Import Request.
  Time since last request: 61.217205 seconds.
  path: Assets/CharacterController2D.cs
  artifactKey: Guid(c0eedb2bbde9f7443ac5c48a3e3d6f48) Importer(815301076,1909f56bfc062723c751e8b465ee728b)
Start importing Assets/CharacterController2D.cs using Guid(c0eedb2bbde9f7443ac5c48a3e3d6f48) Importer(815301076,1909f56bfc062723c751e8b465ee728b)  -> (artifact id: '450d7e8dff600bbb724e914679c7fc14') in 0.017973 seconds
  Import took 0.020878 seconds .

========================================================================
Received Prepare
Registering precompiled user dll's ...
Registered in 0.001053 seconds.
Begin MonoManager ReloadAssembly
Native extension for WindowsStandalone target not found
Refreshing native plugins compatible for Editor in 0.24 ms, found 0 plugins.
Preloading 0 native plugins for Editor in 0.00 ms.
Invoked RoslynAnalysisRunner static constructor.
RoslynAnalysisRunner will not be running.
RoslynAnalysisRunner has terminated.
Mono: successfully reloaded assembly
- Completed reload, in  0.877 seconds
Platform modules already initialized, skipping
Refreshing native plugins compatible for Editor in 0.20 ms, found 0 plugins.
Preloading 0 native plugins for Editor in 0.00 ms.
Unloading 1185 Unused Serialized files (Serialized files now loaded: 0)
System memory in use before: 62.6 MB.
System memory in use after: 62.7 MB.

Unloading 4 unused Assets to reduce memory usage. Loaded Objects now: 1657.
Total: 1.920400 ms (FindLiveObjects: 0.153600 ms CreateObjectMapping: 0.037800 ms MarkObjects: 1.711900 ms  DeleteObjects: 0.015800 ms)

========================================================================
Received Import Request.
  Time since last request: 41.256204 seconds.
  path: Assets/CharacterController2D.cs
  artifactKey: Guid(c0eedb2bbde9f7443ac5c48a3e3d6f48) Importer(815301076,1909f56bfc062723c751e8b465ee728b)
Start importing Assets/CharacterController2D.cs using Guid(c0eedb2bbde9f7443ac5c48a3e3d6f48) Importer(815301076,1909f56bfc062723c751e8b465ee728b)  -> (artifact id: '307149b8b0cea3921b9c92202df14227') in 0.011437 seconds
  Import took 0.014352 seconds .

========================================================================
Received Import Request.
  Time since last request: 13.968493 seconds.
  path: Assets/NewBehaviourScript.cs
  artifactKey: Guid(32c0c56c65396fd4c8c5f15e5064b266) Importer(815301076,1909f56bfc062723c751e8b465ee728b)
Start importing Assets/NewBehaviourScript.cs using Guid(32c0c56c65396fd4c8c5f15e5064b266) Importer(815301076,1909f56bfc062723c751e8b465ee728b)  -> (artifact id: '6648bd781a51dfa7679b3d1b7afefc69') in 0.009822 seconds
  Import took 0.012384 seconds .

========================================================================
Received Import Request.
  Time since last request: 10.902800 seconds.
  path: Assets/Script
  artifactKey: Guid(ef9691745f37cef419aefd9a6afb7bdd) Importer(815301076,1909f56bfc062723c751e8b465ee728b)
Start importing Assets/Script using Guid(ef9691745f37cef419aefd9a6afb7bdd) Importer(815301076,1909f56bfc062723c751e8b465ee728b)  -> (artifact id: '993e2af22145a7af4d69ed9f282ffd2d') in 0.015574 seconds
  Import took 0.018750 seconds .

========================================================================
Received Prepare
Registering precompiled user dll's ...
Registered in 0.001505 seconds.
Begin MonoManager ReloadAssembly
Native extension for WindowsStandalone target not found
Refreshing native plugins compatible for Editor in 0.42 ms, found 0 plugins.
Preloading 0 native plugins for Editor in 0.00 ms.
Invoked RoslynAnalysisRunner static constructor.
RoslynAnalysisRunner will not be running.
RoslynAnalysisRunner has terminated.
Mono: successfully reloaded assembly
- Completed reload, in  0.835 seconds
Platform modules already initialized, skipping
Refreshing native plugins compatible for Editor in 0.21 ms, found 0 plugins.
Preloading 0 native plugins for Editor in 0.00 ms.
Unloading 1193 Unused Serialized files (Serialized files now loaded: 0)
System memory in use before: 62.8 MB.
System memory in use after: 62.9 MB.

Unloading 4 unused Assets to reduce memory usage. Loaded Objects now: 1668.
Total: 1.733700 ms (FindLiveObjects: 0.144100 ms CreateObjectMapping: 0.035900 ms MarkObjects: 1.538300 ms  DeleteObjects: 0.014000 ms)

========================================================================
Received Import Request.
  Time since last request: 844.028380 seconds.
  path: Assets/Script/CharacterController2D.cs
  artifactKey: Guid(c0eedb2bbde9f7443ac5c48a3e3d6f48) Importer(815301076,1909f56bfc062723c751e8b465ee728b)
Start importing Assets/Script/CharacterController2D.cs using Guid(c0eedb2bbde9f7443ac5c48a3e3d6f48) Importer(815301076,1909f56bfc062723c751e8b465ee728b)  -> (artifact id: '6f393764d2f02480d1addad0cf8e9319') in 0.007591 seconds
  Import took 0.009881 seconds .

========================================================================
Received Prepare
Registering precompiled user dll's ...
Registered in 0.001531 seconds.
Begin MonoManager ReloadAssembly
Native extension for WindowsStandalone target not found
Refreshing native plugins compatible for Editor in 0.22 ms, found 0 plugins.
Preloading 0 native plugins for Editor in 0.00 ms.
Invoked RoslynAnalysisRunner static constructor.
RoslynAnalysisRunner will not be running.
RoslynAnalysisRunner has terminated.
Mono: successfully reloaded assembly
- Completed reload, in  0.926 seconds
Platform modules already initialized, skipping
Refreshing native plugins compatible for Editor in 0.29 ms, found 0 plugins.
Preloading 0 native plugins for Editor in 0.00 ms.
Unloading 1193 Unused Serialized files (Serialized files now loaded: 0)
System memory in use before: 62.8 MB.
System memory in use after: 62.9 MB.

Unloading 4 unused Assets to reduce memory usage. Loaded Objects now: 1671.
Total: 1.643600 ms (FindLiveObjects: 0.218000 ms CreateObjectMapping: 0.041100 ms MarkObjects: 1.365000 ms  DeleteObjects: 0.018100 ms)

========================================================================
Received Prepare
Registering precompiled user dll's ...
Registered in 0.001170 seconds.
Begin MonoManager ReloadAssembly
Native extension for WindowsStandalone target not found
Refreshing native plugins compatible for Editor in 0.39 ms, found 0 plugins.
Preloading 0 native plugins for Editor in 0.00 ms.
Invoked RoslynAnalysisRunner static constructor.
RoslynAnalysisRunner will not be running.
RoslynAnalysisRunner has terminated.
Mono: successfully reloaded assembly
- Completed reload, in  1.032 seconds
Platform modules already initialized, skipping
Refreshing native plugins compatible for Editor in 0.42 ms, found 0 plugins.
Preloading 0 native plugins for Editor in 0.00 ms.
Unloading 1193 Unused Serialized files (Serialized files now loaded: 0)
System memory in use before: 62.8 MB.
System memory in use after: 62.9 MB.

Unloading 4 unused Assets to reduce memory usage. Loaded Objects now: 1674.
Total: 2.469300 ms (FindLiveObjects: 0.236200 ms CreateObjectMapping: 0.142100 ms MarkObjects: 2.071400 ms  DeleteObjects: 0.017800 ms)

========================================================================
Received Prepare
Registering precompiled user dll's ...
Registered in 0.000999 seconds.
Begin MonoManager ReloadAssembly
Native extension for WindowsStandalone target not found
Refreshing native plugins compatible for Editor in 0.68 ms, found 0 plugins.
Preloading 0 native plugins for Editor in 0.00 ms.
Invoked RoslynAnalysisRunner static constructor.
RoslynAnalysisRunner will not be running.
RoslynAnalysisRunner has terminated.
Mono: successfully reloaded assembly
- Completed reload, in  1.020 seconds
Platform modules already initialized, skipping
Refreshing native plugins compatible for Editor in 0.20 ms, found 0 plugins.
Preloading 0 native plugins for Editor in 0.00 ms.
Unloading 1193 Unused Serialized files (Serialized files now loaded: 0)
System memory in use before: 62.9 MB.
System memory in use after: 63.0 MB.

Unloading 4 unused Assets to reduce memory usage. Loaded Objects now: 1677.
Total: 1.568800 ms (FindLiveObjects: 0.132500 ms CreateObjectMapping: 0.038100 ms MarkObjects: 1.382900 ms  DeleteObjects: 0.013600 ms)

========================================================================
Received Prepare
Registering precompiled user dll's ...
Registered in 0.001069 seconds.
Begin MonoManager ReloadAssembly
Native extension for WindowsStandalone target not found
Refreshing native plugins compatible for Editor in 0.22 ms, found 0 plugins.
Preloading 0 native plugins for Editor in 0.00 ms.
Invoked RoslynAnalysisRunner static constructor.
RoslynAnalysisRunner will not be running.
RoslynAnalysisRunner has terminated.
Mono: successfully reloaded assembly
- Completed reload, in  0.935 seconds
Platform modules already initialized, skipping
Refreshing native plugins compatible for Editor in 0.21 ms, found 0 plugins.
Preloading 0 native plugins for Editor in 0.00 ms.
Unloading 1193 Unused Serialized files (Serialized files now loaded: 0)
System memory in use before: 62.9 MB.
System memory in use after: 63.0 MB.

Unloading 4 unused Assets to reduce memory usage. Loaded Objects now: 1680.
Total: 1.991100 ms (FindLiveObjects: 0.150200 ms CreateObjectMapping: 0.044500 ms MarkObjects: 1.779200 ms  DeleteObjects: 0.015700 ms)

========================================================================
Received Prepare
Registering precompiled user dll's ...
Registered in 0.001654 seconds.
Begin MonoManager ReloadAssembly
Native extension for WindowsStandalone target not found
Refreshing native plugins compatible for Editor in 0.23 ms, found 0 plugins.
Preloading 0 native plugins for Editor in 0.00 ms.
Invoked RoslynAnalysisRunner static constructor.
RoslynAnalysisRunner will not be running.
RoslynAnalysisRunner has terminated.
Mono: successfully reloaded assembly
- Completed reload, in  0.961 seconds
Platform modules already initialized, skipping
Refreshing native plugins compatible for Editor in 0.21 ms, found 0 plugins.
Preloading 0 native plugins for Editor in 0.00 ms.
Unloading 1193 Unused Serialized files (Serialized files now loaded: 0)
System memory in use before: 62.9 MB.
System memory in use after: 63.0 MB.

Unloading 4 unused Assets to reduce memory usage. Loaded Objects now: 1683.
Total: 1.825300 ms (FindLiveObjects: 0.249200 ms CreateObjectMapping: 0.100200 ms MarkObjects: 1.460000 ms  DeleteObjects: 0.014200 ms)

========================================================================
Received Import Request.
  Time since last request: 1055.014577 seconds.
  path: ProjectSettings/TagManager.asset
  artifactKey: Guid(00000000000000003000000000000000) Importer(815301076,1909f56bfc062723c751e8b465ee728b)
Start importing ProjectSettings/TagManager.asset using Guid(00000000000000003000000000000000) Importer(815301076,1909f56bfc062723c751e8b465ee728b)  -> (artifact id: 'c49de25ec003fbb0831fb87a3c889370') in 0.019105 seconds
  Import took 0.021298 seconds .

========================================================================
Received Import Request.
  Time since last request: 46.323267 seconds.
  path: Assets/Script/NPCWanderState.cs
  artifactKey: Guid(c32a3d9bb87f5a04caf64690b67c8f79) Importer(815301076,1909f56bfc062723c751e8b465ee728b)
Start importing Assets/Script/NPCWanderState.cs using Guid(c32a3d9bb87f5a04caf64690b67c8f79) Importer(815301076,1909f56bfc062723c751e8b465ee728b)  -> (artifact id: '7b09580650c72e706763b2fdfa2c7fc1') in 0.012725 seconds
  Import took 0.015933 seconds .

========================================================================
Received Prepare
Registering precompiled user dll's ...
Registered in 0.001144 seconds.
Begin MonoManager ReloadAssembly
Native extension for WindowsStandalone target not found
Refreshing native plugins compatible for Editor in 0.32 ms, found 0 plugins.
Preloading 0 native plugins for Editor in 0.00 ms.
Invoked RoslynAnalysisRunner static constructor.
RoslynAnalysisRunner will not be running.
RoslynAnalysisRunner has terminated.
Mono: successfully reloaded assembly
- Completed reload, in  0.917 seconds
Platform modules already initialized, skipping
Refreshing native plugins compatible for Editor in 0.21 ms, found 0 plugins.
Preloading 0 native plugins for Editor in 0.00 ms.
Unloading 1193 Unused Serialized files (Serialized files now loaded: 0)
System memory in use before: 62.9 MB.
System memory in use after: 63.0 MB.

Unloading 5 unused Assets to reduce memory usage. Loaded Objects now: 1686.
Total: 2.025800 ms (FindLiveObjects: 0.251700 ms CreateObjectMapping: 0.067400 ms MarkObjects: 1.688600 ms  DeleteObjects: 0.016500 ms)

========================================================================
Received Prepare
Registering precompiled user dll's ...
Registered in 0.001049 seconds.
Begin MonoManager ReloadAssembly
Native extension for WindowsStandalone target not found
Refreshing native plugins compatible for Editor in 0.20 ms, found 0 plugins.
Preloading 0 native plugins for Editor in 0.00 ms.
Invoked RoslynAnalysisRunner static constructor.
RoslynAnalysisRunner will not be running.
RoslynAnalysisRunner has terminated.
Mono: successfully reloaded assembly
- Completed reload, in  0.795 seconds
Platform modules already initialized, skipping
Refreshing native plugins compatible for Editor in 0.22 ms, found 0 plugins.
Preloading 0 native plugins for Editor in 0.00 ms.
Unloading 1193 Unused Serialized files (Serialized files now loaded: 0)
System memory in use before: 62.9 MB.
System memory in use after: 63.0 MB.

Unloading 4 unused Assets to reduce memory usage. Loaded Objects now: 1689.
Total: 1.510000 ms (FindLiveObjects: 0.161900 ms CreateObjectMapping: 0.034100 ms MarkObjects: 1.296800 ms  DeleteObjects: 0.015700 ms)

========================================================================
Received Prepare
Registering precompiled user dll's ...
Registered in 0.001230 seconds.
Begin MonoManager ReloadAssembly
Native extension for WindowsStandalone target not found
Refreshing native plugins compatible for Editor in 0.20 ms, found 0 plugins.
Preloading 0 native plugins for Editor in 0.00 ms.
Invoked RoslynAnalysisRunner static constructor.
RoslynAnalysisRunner will not be running.
RoslynAnalysisRunner has terminated.
Mono: successfully reloaded assembly
- Completed reload, in  0.823 seconds
Platform modules already initialized, skipping
Refreshing native plugins compatible for Editor in 0.20 ms, found 0 plugins.
Preloading 0 native plugins for Editor in 0.00 ms.
Unloading 1193 Unused Serialized files (Serialized files now loaded: 0)
System memory in use before: 62.9 MB.
System memory in use after: 63.0 MB.

Unloading 4 unused Assets to reduce memory usage. Loaded Objects now: 1692.
Total: 1.618700 ms (FindLiveObjects: 0.131900 ms CreateObjectMapping: 0.029400 ms MarkObjects: 1.442300 ms  DeleteObjects: 0.014100 ms)

========================================================================
Received Prepare
Registering precompiled user dll's ...
Registered in 0.001246 seconds.
Begin MonoManager ReloadAssembly
Native extension for WindowsStandalone target not found
Refreshing native plugins compatible for Editor in 0.22 ms, found 0 plugins.
Preloading 0 native plugins for Editor in 0.00 ms.
Invoked RoslynAnalysisRunner static constructor.
RoslynAnalysisRunner will not be running.
RoslynAnalysisRunner has terminated.
Mono: successfully reloaded assembly
- Completed reload, in  1.171 seconds
Platform modules already initialized, skipping
Refreshing native plugins compatible for Editor in 0.35 ms, found 0 plugins.
Preloading 0 native plugins for Editor in 0.00 ms.
Unloading 1193 Unused Serialized files (Serialized files now loaded: 0)
System memory in use before: 62.9 MB.
System memory in use after: 63.0 MB.

Unloading 4 unused Assets to reduce memory usage. Loaded Objects now: 1695.
Total: 1.858400 ms (FindLiveObjects: 0.251000 ms CreateObjectMapping: 0.157800 ms MarkObjects: 1.434700 ms  DeleteObjects: 0.013300 ms)

========================================================================
Received Prepare
Registering precompiled user dll's ...
Registered in 0.001010 seconds.
Begin MonoManager ReloadAssembly
Native extension for WindowsStandalone target not found
Refreshing native plugins compatible for Editor in 0.20 ms, found 0 plugins.
Preloading 0 native plugins for Editor in 0.00 ms.
Invoked RoslynAnalysisRunner static constructor.
RoslynAnalysisRunner will not be running.
RoslynAnalysisRunner has terminated.
Mono: successfully reloaded assembly
- Completed reload, in  0.893 seconds
Platform modules already initialized, skipping
Refreshing native plugins compatible for Editor in 0.21 ms, found 0 plugins.
Preloading 0 native plugins for Editor in 0.00 ms.
Unloading 1193 Unused Serialized files (Serialized files now loaded: 0)
System memory in use before: 62.9 MB.
System memory in use after: 63.0 MB.

Unloading 4 unused Assets to reduce memory usage. Loaded Objects now: 1698.
Total: 1.856300 ms (FindLiveObjects: 0.121000 ms CreateObjectMapping: 0.030900 ms MarkObjects: 1.685400 ms  DeleteObjects: 0.017800 ms)

========================================================================
Received Prepare
Registering precompiled user dll's ...
Registered in 0.002285 seconds.
Begin MonoManager ReloadAssembly
Native extension for WindowsStandalone target not found
Refreshing native plugins compatible for Editor in 0.23 ms, found 0 plugins.
Preloading 0 native plugins for Editor in 0.00 ms.
Invoked RoslynAnalysisRunner static constructor.
RoslynAnalysisRunner will not be running.
RoslynAnalysisRunner has terminated.
Mono: successfully reloaded assembly
- Completed reload, in  0.989 seconds
Platform modules already initialized, skipping
Refreshing native plugins compatible for Editor in 0.21 ms, found 0 plugins.
Preloading 0 native plugins for Editor in 0.00 ms.
Unloading 1193 Unused Serialized files (Serialized files now loaded: 0)
System memory in use before: 62.9 MB.
System memory in use after: 63.0 MB.

Unloading 4 unused Assets to reduce memory usage. Loaded Objects now: 1701.
Total: 2.278000 ms (FindLiveObjects: 0.240300 ms CreateObjectMapping: 0.063300 ms MarkObjects: 1.940200 ms  DeleteObjects: 0.018800 ms)

========================================================================
Received Prepare
Registering precompiled user dll's ...
Registered in 0.001546 seconds.
Begin MonoManager ReloadAssembly
Native extension for WindowsStandalone target not found
Refreshing native plugins compatible for Editor in 0.44 ms, found 0 plugins.
Preloading 0 native plugins for Editor in 0.00 ms.
Invoked RoslynAnalysisRunner static constructor.
RoslynAnalysisRunner will not be running.
RoslynAnalysisRunner has terminated.
Mono: successfully reloaded assembly
- Completed reload, in  1.006 seconds
Platform modules already initialized, skipping
Refreshing native plugins compatible for Editor in 0.20 ms, found 0 plugins.
Preloading 0 native plugins for Editor in 0.00 ms.
Unloading 1193 Unused Serialized files (Serialized files now loaded: 0)
System memory in use before: 62.9 MB.
System memory in use after: 63.0 MB.

Unloading 4 unused Assets to reduce memory usage. Loaded Objects now: 1704.
Total: 1.573100 ms (FindLiveObjects: 0.207300 ms CreateObjectMapping: 0.059300 ms MarkObjects: 1.292400 ms  DeleteObjects: 0.012900 ms)

========================================================================
Received Prepare
Registering precompiled user dll's ...
Registered in 0.001467 seconds.
Begin MonoManager ReloadAssembly
Native extension for WindowsStandalone target not found
Refreshing native plugins compatible for Editor in 0.21 ms, found 0 plugins.
Preloading 0 native plugins for Editor in 0.00 ms.
Invoked RoslynAnalysisRunner static constructor.
RoslynAnalysisRunner will not be running.
RoslynAnalysisRunner has terminated.
Mono: successfully reloaded assembly
- Completed reload, in  0.992 seconds
Platform modules already initialized, skipping
Refreshing native plugins compatible for Editor in 0.19 ms, found 0 plugins.
Preloading 0 native plugins for Editor in 0.00 ms.
Unloading 1193 Unused Serialized files (Serialized files now loaded: 0)
System memory in use before: 62.9 MB.
System memory in use after: 63.0 MB.

Unloading 4 unused Assets to reduce memory usage. Loaded Objects now: 1707.
Total: 1.551000 ms (FindLiveObjects: 0.209400 ms CreateObjectMapping: 0.061200 ms MarkObjects: 1.265300 ms  DeleteObjects: 0.013500 ms)

========================================================================
Received Prepare
Registering precompiled user dll's ...
Registered in 0.001244 seconds.
Begin MonoManager ReloadAssembly
Native extension for WindowsStandalone target not found
Refreshing native plugins compatible for Editor in 0.21 ms, found 0 plugins.
Preloading 0 native plugins for Editor in 0.00 ms.
Invoked RoslynAnalysisRunner static constructor.
RoslynAnalysisRunner will not be running.
RoslynAnalysisRunner has terminated.
Mono: successfully reloaded assembly
- Completed reload, in  0.919 seconds
Platform modules already initialized, skipping
Refreshing native plugins compatible for Editor in 0.58 ms, found 0 plugins.
Preloading 0 native plugins for Editor in 0.00 ms.
Unloading 1193 Unused Serialized files (Serialized files now loaded: 0)
System memory in use before: 62.9 MB.
System memory in use after: 63.0 MB.

Unloading 4 unused Assets to reduce memory usage. Loaded Objects now: 1710.
Total: 2.136700 ms (FindLiveObjects: 0.249000 ms CreateObjectMapping: 0.064200 ms MarkObjects: 1.806300 ms  DeleteObjects: 0.015400 ms)

========================================================================
Received Import Request.
  Time since last request: 3217.478232 seconds.
  path: Assets/Script/Observer.cs
  artifactKey: Guid(bbdf3d46b90334f4098c143fec4b82c6) Importer(815301076,1909f56bfc062723c751e8b465ee728b)
Start importing Assets/Script/Observer.cs using Guid(bbdf3d46b90334f4098c143fec4b82c6) Importer(815301076,1909f56bfc062723c751e8b465ee728b)  -> (artifact id: '442262f9bfe46d071b8e14fdc8e7b121') in 0.012977 seconds
  Import took 0.015594 seconds .

========================================================================
Received Import Request.
  Time since last request: 29.069125 seconds.
  path: Assets/Script/Observer.cs
  artifactKey: Guid(bbdf3d46b90334f4098c143fec4b82c6) Importer(815301076,1909f56bfc062723c751e8b465ee728b)
Start importing Assets/Script/Observer.cs using Guid(bbdf3d46b90334f4098c143fec4b82c6) Importer(815301076,1909f56bfc062723c751e8b465ee728b)  -> (artifact id: '61e02521292bd856c3e730046c004d88') in 0.010611 seconds
  Import took 0.014420 seconds .

========================================================================
Received Prepare
Registering precompiled user dll's ...
Registered in 0.001171 seconds.
Begin MonoManager ReloadAssembly
Native extension for WindowsStandalone target not found
Refreshing native plugins compatible for Editor in 0.20 ms, found 0 plugins.
Preloading 0 native plugins for Editor in 0.00 ms.
Invoked RoslynAnalysisRunner static constructor.
RoslynAnalysisRunner will not be running.
RoslynAnalysisRunner has terminated.
Mono: successfully reloaded assembly
- Completed reload, in  0.838 seconds
Platform modules already initialized, skipping
Refreshing native plugins compatible for Editor in 0.22 ms, found 0 plugins.
Preloading 0 native plugins for Editor in 0.00 ms.
Unloading 1193 Unused Serialized files (Serialized files now loaded: 0)
System memory in use before: 62.9 MB.
System memory in use after: 63.0 MB.

Unloading 4 unused Assets to reduce memory usage. Loaded Objects now: 1713.
Total: 1.909200 ms (FindLiveObjects: 0.231700 ms CreateObjectMapping: 0.063200 ms MarkObjects: 1.597300 ms  DeleteObjects: 0.015300 ms)

========================================================================
Received Import Request.
  Time since last request: 26.944638 seconds.
  path: Assets/Script/Collectables.cs
  artifactKey: Guid(aff0d31650dcf1a43bb08744b25b827e) Importer(815301076,1909f56bfc062723c751e8b465ee728b)
Start importing Assets/Script/Collectables.cs using Guid(aff0d31650dcf1a43bb08744b25b827e) Importer(815301076,1909f56bfc062723c751e8b465ee728b)  -> (artifact id: '8d59b564dbc98902faf7874c470b7bdd') in 0.012250 seconds
  Import took 0.014561 seconds .

========================================================================
Received Import Request.
  Time since last request: 31.198732 seconds.
  path: Assets/TileMaps
  artifactKey: Guid(c9a3afe37084d9a46811d36ef81ab136) Importer(815301076,1909f56bfc062723c751e8b465ee728b)
Start importing Assets/TileMaps using Guid(c9a3afe37084d9a46811d36ef81ab136) Importer(815301076,1909f56bfc062723c751e8b465ee728b)  -> (artifact id: '49680d75266c357fb9580fe57f2c1c48') in 0.009931 seconds
  Import took 0.012252 seconds .

========================================================================
Received Import Request.
  Time since last request: 0.044199 seconds.
  path: Assets/TileMaps/Characters.prefab
  artifactKey: Guid(b065f4b6158ee6546b087e546b48e8cc) Importer(815301076,1909f56bfc062723c751e8b465ee728b)
Start importing Assets/TileMaps/Characters.prefab using Guid(b065f4b6158ee6546b087e546b48e8cc) Importer(815301076,1909f56bfc062723c751e8b465ee728b)  -> (artifact id: '6ad9d51e0bf5fcba3fcc7289c98ff339') in 0.027726 seconds
  Import took 0.030023 seconds .

========================================================================
Received Import Request.
  Time since last request: 0.000658 seconds.
  path: Assets/TileMaps/Run 1.asset
  artifactKey: Guid(b28bf381023c70642bb5cb74ce6d2999) Importer(815301076,1909f56bfc062723c751e8b465ee728b)
Start importing Assets/TileMaps/Run 1.asset using Guid(b28bf381023c70642bb5cb74ce6d2999) Importer(815301076,1909f56bfc062723c751e8b465ee728b)  -> (artifact id: 'c971cd2448dbba659c3b8c9bcaee0a06') in 0.039189 seconds
  Import took 0.041046 seconds .

========================================================================
Received Import Request.
  Time since last request: 0.000617 seconds.
  path: Assets/TileMaps/Jump 2.asset
  artifactKey: Guid(a0dabdafe22a95541a30f2c698fef2a8) Importer(815301076,1909f56bfc062723c751e8b465ee728b)
Start importing Assets/TileMaps/Jump 2.asset using Guid(a0dabdafe22a95541a30f2c698fef2a8) Importer(815301076,1909f56bfc062723c751e8b465ee728b)  -> (artifact id: 'c83f0e8462f93a833a6fe0be325b17ff') in 0.015206 seconds
  Import took 0.017228 seconds .

========================================================================
Received Import Request.
  Time since last request: 0.000487 seconds.
  path: Assets/TileMaps/Run 0.asset
  artifactKey: Guid(6a965744d292f2644ad27a32f4b10adb) Importer(815301076,1909f56bfc062723c751e8b465ee728b)
Start importing Assets/TileMaps/Run 0.asset using Guid(6a965744d292f2644ad27a32f4b10adb) Importer(815301076,1909f56bfc062723c751e8b465ee728b)  -> (artifact id: '0cd6362ddc163e37aba733e119131541') in 0.016461 seconds
  Import took 0.018445 seconds .

========================================================================
Received Import Request.
  Time since last request: 0.000644 seconds.
  path: Assets/TileMaps/Idle 1.asset
  artifactKey: Guid(1c3376e4d962ced4b9b79deab5d7bad2) Importer(815301076,1909f56bfc062723c751e8b465ee728b)
Start importing Assets/TileMaps/Idle 1.asset using Guid(1c3376e4d962ced4b9b79deab5d7bad2) Importer(815301076,1909f56bfc062723c751e8b465ee728b)  -> (artifact id: '52f4b8905f47fedba54572c1ec82b578') in 0.015423 seconds
  Import took 0.017648 seconds .

========================================================================
Received Import Request.
  Time since last request: 0.000490 seconds.
  path: Assets/TileMaps/Jump 0.asset
  artifactKey: Guid(a54497fd6f4dc1543adc1dbc06bb75b2) Importer(815301076,1909f56bfc062723c751e8b465ee728b)
Start importing Assets/TileMaps/Jump 0.asset using Guid(a54497fd6f4dc1543adc1dbc06bb75b2) Importer(815301076,1909f56bfc062723c751e8b465ee728b)  -> (artifact id: '5d10b989e79eda6e936415e30b61a066') in 0.014651 seconds
  Import took 0.017082 seconds .

========================================================================
Received Import Request.
  Time since last request: 0.000342 seconds.
  path: Assets/TileMaps/Run 3.asset
  artifactKey: Guid(0e48960d512f2e94bb58ae78a2a1ddfd) Importer(815301076,1909f56bfc062723c751e8b465ee728b)
Start importing Assets/TileMaps/Run 3.asset using Guid(0e48960d512f2e94bb58ae78a2a1ddfd) Importer(815301076,1909f56bfc062723c751e8b465ee728b)  -> (artifact id: '0b3bad6b582792a00a3cbc73f84453d3') in 0.015202 seconds
  Import took 0.018230 seconds .

========================================================================
Received Import Request.
  Time since last request: 0.000378 seconds.
  path: Assets/TileMaps/Jump 1.asset
  artifactKey: Guid(472cf7fad2da7b443b6dcb2e6b13bbfa) Importer(815301076,1909f56bfc062723c751e8b465ee728b)
Start importing Assets/TileMaps/Jump 1.asset using Guid(472cf7fad2da7b443b6dcb2e6b13bbfa) Importer(815301076,1909f56bfc062723c751e8b465ee728b)  -> (artifact id: 'd8f33089a5b3d51347467c93c486165d') in 0.016166 seconds
  Import took 0.018367 seconds .

========================================================================
Received Import Request.
  Time since last request: 0.000290 seconds.
  path: Assets/TileMaps/Run 2.asset
  artifactKey: Guid(ca4f394a93797ea49ba171fcd56d578e) Importer(815301076,1909f56bfc062723c751e8b465ee728b)
Start importing Assets/TileMaps/Run 2.asset using Guid(ca4f394a93797ea49ba171fcd56d578e) Importer(815301076,1909f56bfc062723c751e8b465ee728b)  -> (artifact id: '093fc4449e22fb4c4117a28f18937e99') in 0.015050 seconds
  Import took 0.017338 seconds .

========================================================================
Received Import Request.
  Time since last request: 0.000256 seconds.
  path: Assets/TileMaps/Idle 0.asset
  artifactKey: Guid(d016ae6cf66e2e149b884151789b3ee4) Importer(815301076,1909f56bfc062723c751e8b465ee728b)
Start importing Assets/TileMaps/Idle 0.asset using Guid(d016ae6cf66e2e149b884151789b3ee4) Importer(815301076,1909f56bfc062723c751e8b465ee728b)  -> (artifact id: '2e5f081ade4b8175721ea2d444d8b144') in 0.010670 seconds
  Import took 0.013277 seconds .

========================================================================
Received Import Request.
  Time since last request: 20.692932 seconds.
  path: Assets/TileMaps/gary-allen-on-business-sunday-january-11-2015-podcast-now-veeBaI-clipart.jpg
  artifactKey: Guid(8272888ccf703b74fae0707851d42bc9) Importer(815301076,1909f56bfc062723c751e8b465ee728b)
Start importing Assets/TileMaps/gary-allen-on-business-sunday-january-11-2015-podcast-now-veeBaI-clipart.jpg using Guid(8272888ccf703b74fae0707851d42bc9) Importer(815301076,1909f56bfc062723c751e8b465ee728b)  -> (artifact id: 'aa70138dbda9966dd087ba2fb9f908f8') in 0.051925 seconds
  Import took 0.054191 seconds .

========================================================================
Received Import Request.
  Time since last request: 0.016222 seconds.
  path: Assets/TileMaps/gary-allen-on-business-sunday-january-11-2015-podcast-now-veeBaI-clipart.jpg
  artifactKey: Guid(8272888ccf703b74fae0707851d42bc9) Importer(815301076,1909f56bfc062723c751e8b465ee728b)
Start importing Assets/TileMaps/gary-allen-on-business-sunday-january-11-2015-podcast-now-veeBaI-clipart.jpg using Guid(8272888ccf703b74fae0707851d42bc9) Importer(815301076,1909f56bfc062723c751e8b465ee728b)  -> (artifact id: 'aa70138dbda9966dd087ba2fb9f908f8') in 0.014311 seconds
  Import took 0.017953 seconds .

========================================================================
Received Import Request.
  Time since last request: 34.087692 seconds.
  path: Assets/Background
  artifactKey: Guid(65e1bf89e9822c243a6c77acf13c6acf) Importer(815301076,1909f56bfc062723c751e8b465ee728b)
Start importing Assets/Background using Guid(65e1bf89e9822c243a6c77acf13c6acf) Importer(815301076,1909f56bfc062723c751e8b465ee728b)  -> (artifact id: '12b5d921b80640b2f251b0a8d6386fd0') in 0.012486 seconds
  Import took 0.015830 seconds .

========================================================================
Received Import Request.
  Time since last request: 0.000692 seconds.
  path: Assets/Background
  artifactKey: Guid(65e1bf89e9822c243a6c77acf13c6acf) Importer(815301076,1909f56bfc062723c751e8b465ee728b)
Start importing Assets/Background using Guid(65e1bf89e9822c243a6c77acf13c6acf) Importer(815301076,1909f56bfc062723c751e8b465ee728b)  -> (artifact id: '12b5d921b80640b2f251b0a8d6386fd0') in 0.007051 seconds
  Import took 0.010356 seconds .

========================================================================
Received Import Request.
  Time since last request: 11.730118 seconds.
  path: Assets/Background/gary-allen-on-business-sunday-january-11-2015-podcast-now-veeBaI-clipart.jpg
  artifactKey: Guid(b156427aaa8504741a8b936f411d7737) Importer(815301076,1909f56bfc062723c751e8b465ee728b)
Start importing Assets/Background/gary-allen-on-business-sunday-january-11-2015-podcast-now-veeBaI-clipart.jpg using Guid(b156427aaa8504741a8b936f411d7737) Importer(815301076,1909f56bfc062723c751e8b465ee728b)  -> (artifact id: '86b70d87bb1576c30af05f8b27c3806d') in 0.013169 seconds
  Import took 0.017131 seconds .

========================================================================
Received Import Request.
  Time since last request: 8.785482 seconds.
  path: Assets/Background/Materials
  artifactKey: Guid(e2585c9b95d5db147b4da9df5c092b9b) Importer(815301076,1909f56bfc062723c751e8b465ee728b)
Start importing Assets/Background/Materials using Guid(e2585c9b95d5db147b4da9df5c092b9b) Importer(815301076,1909f56bfc062723c751e8b465ee728b)  -> (artifact id: '753eefd25c76172648ed15c9957acdae') in 0.009238 seconds
  Import took 0.011661 seconds .

========================================================================
Received Import Request.
  Time since last request: 0.032189 seconds.
  path: Assets/Background/Materials/gary-allen-on-business-sunday-january-11-2015-podcast-now-veeBaI-clipart.mat
  artifactKey: Guid(0fa1eea455e7fa5478c0b6055e6bae63) Importer(815301076,1909f56bfc062723c751e8b465ee728b)
Start importing Assets/Background/Materials/gary-allen-on-business-sunday-january-11-2015-podcast-now-veeBaI-clipart.mat using Guid(0fa1eea455e7fa5478c0b6055e6bae63) Importer(815301076,1909f56bfc062723c751e8b465ee728b)  -> (artifact id: 'c0bf1c322786c10e96e4728a793fcef7') in 0.046704 seconds
  Import took 0.048846 seconds .

========================================================================
Received Import Request.
  Time since last request: 31.069931 seconds.
  path: Assets/Background/gary-allen-on-business-sunday-january-11-2015-podcast-now-veeBaI-clipart.jpg
  artifactKey: Guid(b156427aaa8504741a8b936f411d7737) Importer(815301076,1909f56bfc062723c751e8b465ee728b)
Start importing Assets/Background/gary-allen-on-business-sunday-january-11-2015-podcast-now-veeBaI-clipart.jpg using Guid(b156427aaa8504741a8b936f411d7737) Importer(815301076,1909f56bfc062723c751e8b465ee728b)  -> (artifact id: '5fe96e5d01708f0b0bce093102e24336') in 0.062582 seconds
  Import took 0.065203 seconds .

========================================================================
Received Prepare
Registering precompiled user dll's ...
Registered in 0.001182 seconds.
Begin MonoManager ReloadAssembly
Native extension for WindowsStandalone target not found
Refreshing native plugins compatible for Editor in 0.22 ms, found 0 plugins.
Preloading 0 native plugins for Editor in 0.00 ms.
Invoked RoslynAnalysisRunner static constructor.
RoslynAnalysisRunner will not be running.
RoslynAnalysisRunner has terminated.
Mono: successfully reloaded assembly
- Completed reload, in  0.907 seconds
Platform modules already initialized, skipping
Refreshing native plugins compatible for Editor in 0.24 ms, found 0 plugins.
Preloading 0 native plugins for Editor in 0.00 ms.
Unloading 1193 Unused Serialized files (Serialized files now loaded: 0)
System memory in use before: 63.4 MB.
System memory in use after: 63.5 MB.

Unloading 4 unused Assets to reduce memory usage. Loaded Objects now: 1759.
Total: 2.143000 ms (FindLiveObjects: 0.143600 ms CreateObjectMapping: 0.034500 ms MarkObjects: 1.948300 ms  DeleteObjects: 0.015400 ms)

========================================================================
Received Import Request.
  Time since last request: 654.984940 seconds.
  path: Assets/Script/SubjectBeingObserved.cs
  artifactKey: Guid(e63719a05afd33b449a3e0958974917c) Importer(815301076,1909f56bfc062723c751e8b465ee728b)
Start importing Assets/Script/SubjectBeingObserved.cs using Guid(e63719a05afd33b449a3e0958974917c) Importer(815301076,1909f56bfc062723c751e8b465ee728b)  -> (artifact id: '46564d70d35fafc5bf7728fb42f012c5') in 0.014523 seconds
  Import took 0.017095 seconds .

========================================================================
Received Prepare
Registering precompiled user dll's ...
Registered in 0.001027 seconds.
Begin MonoManager ReloadAssembly
Native extension for WindowsStandalone target not found
Refreshing native plugins compatible for Editor in 0.21 ms, found 0 plugins.
Preloading 0 native plugins for Editor in 0.00 ms.
Invoked RoslynAnalysisRunner static constructor.
RoslynAnalysisRunner will not be running.
RoslynAnalysisRunner has terminated.
Mono: successfully reloaded assembly
- Completed reload, in  0.808 seconds
Platform modules already initialized, skipping
Refreshing native plugins compatible for Editor in 0.21 ms, found 0 plugins.
Preloading 0 native plugins for Editor in 0.00 ms.
Unloading 1193 Unused Serialized files (Serialized files now loaded: 0)
System memory in use before: 63.4 MB.
System memory in use after: 63.5 MB.

Unloading 4 unused Assets to reduce memory usage. Loaded Objects now: 1762.
Total: 2.763900 ms (FindLiveObjects: 0.250300 ms CreateObjectMapping: 0.071300 ms MarkObjects: 2.423500 ms  DeleteObjects: 0.017700 ms)

========================================================================
Received Prepare
Registering precompiled user dll's ...
Registered in 0.001510 seconds.
Begin MonoManager ReloadAssembly
Native extension for WindowsStandalone target not found
Refreshing native plugins compatible for Editor in 0.21 ms, found 0 plugins.
Preloading 0 native plugins for Editor in 0.00 ms.
Invoked RoslynAnalysisRunner static constructor.
RoslynAnalysisRunner will not be running.
RoslynAnalysisRunner has terminated.
Mono: successfully reloaded assembly
- Completed reload, in  0.797 seconds
Platform modules already initialized, skipping
Refreshing native plugins compatible for Editor in 0.19 ms, found 0 plugins.
Preloading 0 native plugins for Editor in 0.00 ms.
Unloading 1193 Unused Serialized files (Serialized files now loaded: 0)
System memory in use before: 63.4 MB.
System memory in use after: 63.5 MB.

Unloading 4 unused Assets to reduce memory usage. Loaded Objects now: 1765.
Total: 1.844000 ms (FindLiveObjects: 0.154400 ms CreateObjectMapping: 0.040000 ms MarkObjects: 1.634200 ms  DeleteObjects: 0.014300 ms)

========================================================================
Received Import Request.
  Time since last request: 592.497193 seconds.
  path: Assets/Animations/New Animation.anim
  artifactKey: Guid(726f96df27df8974182752a2e48d4844) Importer(815301076,1909f56bfc062723c751e8b465ee728b)
Start importing Assets/Animations/New Animation.anim using Guid(726f96df27df8974182752a2e48d4844) Importer(815301076,1909f56bfc062723c751e8b465ee728b)  -> (artifact id: 'bbbe7895a63e32f053384e5c6c59b027') in 0.019225 seconds
  Import took 0.021761 seconds .

========================================================================
Received Import Request.
  Time since last request: 0.001203 seconds.
  path: Assets/Animations/New Animation.anim
  artifactKey: Guid(726f96df27df8974182752a2e48d4844) Importer(815301076,1909f56bfc062723c751e8b465ee728b)
Start importing Assets/Animations/New Animation.anim using Guid(726f96df27df8974182752a2e48d4844) Importer(815301076,1909f56bfc062723c751e8b465ee728b)  -> (artifact id: 'bbbe7895a63e32f053384e5c6c59b027') in 0.006048 seconds
  Import took 0.008657 seconds .

========================================================================
Received Import Request.
  Time since last request: 1.896254 seconds.
  path: Assets/Animations/Bronze 0.controller
  artifactKey: Guid(f4f84a4790865f84a9b508814828e08c) Importer(815301076,1909f56bfc062723c751e8b465ee728b)
Start importing Assets/Animations/Bronze 0.controller using Guid(f4f84a4790865f84a9b508814828e08c) Importer(815301076,1909f56bfc062723c751e8b465ee728b)  -> (artifact id: 'a15880f8151b5d12f79fe08e45bbb77c') in 0.010602 seconds
  Import took 0.013311 seconds .

========================================================================
Received Import Request.
  Time since last request: 0.000825 seconds.
  path: Assets/Animations/Bronze 0.controller
  artifactKey: Guid(f4f84a4790865f84a9b508814828e08c) Importer(815301076,1909f56bfc062723c751e8b465ee728b)
Start importing Assets/Animations/Bronze 0.controller using Guid(f4f84a4790865f84a9b508814828e08c) Importer(815301076,1909f56bfc062723c751e8b465ee728b)  -> (artifact id: 'a15880f8151b5d12f79fe08e45bbb77c') in 0.006039 seconds
  Import took 0.008237 seconds .

========================================================================
Received Prepare
Registering precompiled user dll's ...
Registered in 0.001102 seconds.
Begin MonoManager ReloadAssembly
Native extension for WindowsStandalone target not found
Refreshing native plugins compatible for Editor in 0.30 ms, found 0 plugins.
Preloading 0 native plugins for Editor in 0.00 ms.
Invoked RoslynAnalysisRunner static constructor.
RoslynAnalysisRunner will not be running.
RoslynAnalysisRunner has terminated.
Mono: successfully reloaded assembly
- Completed reload, in  0.774 seconds
Platform modules already initialized, skipping
Refreshing native plugins compatible for Editor in 0.20 ms, found 0 plugins.
Preloading 0 native plugins for Editor in 0.00 ms.
Unloading 1193 Unused Serialized files (Serialized files now loaded: 0)
System memory in use before: 63.4 MB.
System memory in use after: 63.5 MB.

Unloading 4 unused Assets to reduce memory usage. Loaded Objects now: 1768.
Total: 1.677600 ms (FindLiveObjects: 0.134500 ms CreateObjectMapping: 0.035100 ms MarkObjects: 1.493700 ms  DeleteObjects: 0.013500 ms)

========================================================================
Received Import Request.
  Time since last request: 262.115687 seconds.
  path: Assets/Simple 2D Platformer BE2/Sprites/Materials
  artifactKey: Guid(7880c4c52b1277948b35cd16a7b02fea) Importer(815301076,1909f56bfc062723c751e8b465ee728b)
Start importing Assets/Simple 2D Platformer BE2/Sprites/Materials using Guid(7880c4c52b1277948b35cd16a7b02fea) Importer(815301076,1909f56bfc062723c751e8b465ee728b)  -> (artifact id: 'a33b0b6c37eb3f28989724c8a60a4b39') in 0.008546 seconds
  Import took 0.010614 seconds .

========================================================================
Received Import Request.
  Time since last request: 98.226577 seconds.
  path: Assets/Simple 2D Platformer BE2/Sprites/Gold.controller
  artifactKey: Guid(bd841d9d152c6c7459b6a6fda1f4566b) Importer(815301076,1909f56bfc062723c751e8b465ee728b)
Start importing Assets/Simple 2D Platformer BE2/Sprites/Gold.controller using Guid(bd841d9d152c6c7459b6a6fda1f4566b) Importer(815301076,1909f56bfc062723c751e8b465ee728b)  -> (artifact id: '9d2c12405b5d8713a5cda6d5c6e725a1') in 0.018884 seconds
  Import took 0.021929 seconds .

========================================================================
Received Import Request.
  Time since last request: 0.536152 seconds.
  path: Assets/Simple 2D Platformer BE2/Sprites/New Animation.anim
  artifactKey: Guid(82e3da3a71a29844d94fcad186839e0a) Importer(815301076,1909f56bfc062723c751e8b465ee728b)
Start importing Assets/Simple 2D Platformer BE2/Sprites/New Animation.anim using Guid(82e3da3a71a29844d94fcad186839e0a) Importer(815301076,1909f56bfc062723c751e8b465ee728b)  -> (artifact id: 'd588d2bb3eef89ffee7b69a532532729') in 0.006448 seconds
  Import took 0.009371 seconds .

========================================================================
Received Import Request.
  Time since last request: 32.794294 seconds.
  path: Assets/Simple 2D Platformer BE2/Sprites/Silver.anim
  artifactKey: Guid(82e3da3a71a29844d94fcad186839e0a) Importer(815301076,1909f56bfc062723c751e8b465ee728b)
Start importing Assets/Simple 2D Platformer BE2/Sprites/Silver.anim using Guid(82e3da3a71a29844d94fcad186839e0a) Importer(815301076,1909f56bfc062723c751e8b465ee728b)  -> (artifact id: '47f5d9a561fd4477f3263b49abab18a2') in 0.015987 seconds
  Import took 0.019535 seconds .

========================================================================
Received Import Request.
  Time since last request: 17.698320 seconds.
  path: Assets/Simple 2D Platformer BE2/Sprites/Silver.controller
  artifactKey: Guid(bd841d9d152c6c7459b6a6fda1f4566b) Importer(815301076,1909f56bfc062723c751e8b465ee728b)
Start importing Assets/Simple 2D Platformer BE2/Sprites/Silver.controller using Guid(bd841d9d152c6c7459b6a6fda1f4566b) Importer(815301076,1909f56bfc062723c751e8b465ee728b)  -> (artifact id: 'e37ba0e43bcd90aff2124348ed9507a0') in 0.008503 seconds
  Import took 0.011739 seconds .

========================================================================
Received Import Request.
  Time since last request: 10.982990 seconds.
  path: Assets/Animations/Animation.anim
  artifactKey: Guid(bc706cc8bcd601447a090d427b4db7f0) Importer(815301076,1909f56bfc062723c751e8b465ee728b)
Start importing Assets/Animations/Animation.anim using Guid(bc706cc8bcd601447a090d427b4db7f0) Importer(815301076,1909f56bfc062723c751e8b465ee728b)  -> (artifact id: '9631dfb9301d235289b42059b79b4488') in 0.006375 seconds
  Import took 0.008543 seconds .

========================================================================
Received Import Request.
  Time since last request: 11.878113 seconds.
  path: Assets/Animations/Bronze.anim
  artifactKey: Guid(726f96df27df8974182752a2e48d4844) Importer(815301076,1909f56bfc062723c751e8b465ee728b)
Start importing Assets/Animations/Bronze.anim using Guid(726f96df27df8974182752a2e48d4844) Importer(815301076,1909f56bfc062723c751e8b465ee728b)  -> (artifact id: '3dd819bfa8f00034b5a09711e234d4e4') in 0.014632 seconds
  Import took 0.017582 seconds .

========================================================================
Received Import Request.
  Time since last request: 4.465204 seconds.
  path: Assets/Animations/Bronze.controller
  artifactKey: Guid(f4f84a4790865f84a9b508814828e08c) Importer(815301076,1909f56bfc062723c751e8b465ee728b)
Start importing Assets/Animations/Bronze.controller using Guid(f4f84a4790865f84a9b508814828e08c) Importer(815301076,1909f56bfc062723c751e8b465ee728b)  -> (artifact id: '3780ed76bb60a3ef1da1da37b9400dbf') in 0.012074 seconds
  Import took 0.015097 seconds .

========================================================================
Received Prepare
Registering precompiled user dll's ...
Registered in 0.001080 seconds.
Begin MonoManager ReloadAssembly
Native extension for WindowsStandalone target not found
Refreshing native plugins compatible for Editor in 0.22 ms, found 0 plugins.
Preloading 0 native plugins for Editor in 0.00 ms.
Invoked RoslynAnalysisRunner static constructor.
RoslynAnalysisRunner will not be running.
RoslynAnalysisRunner has terminated.
Mono: successfully reloaded assembly
- Completed reload, in  0.790 seconds
Platform modules already initialized, skipping
Refreshing native plugins compatible for Editor in 0.19 ms, found 0 plugins.
Preloading 0 native plugins for Editor in 0.00 ms.
Unloading 1193 Unused Serialized files (Serialized files now loaded: 0)
System memory in use before: 63.3 MB.
System memory in use after: 63.5 MB.

Unloading 4 unused Assets to reduce memory usage. Loaded Objects now: 1771.
Total: 1.631100 ms (FindLiveObjects: 0.175500 ms CreateObjectMapping: 0.037300 ms MarkObjects: 1.404000 ms  DeleteObjects: 0.013200 ms)

========================================================================
Received Import Request.
  Time since last request: 1616.658579 seconds.
  path: Assets/Animations/Bronze 0.controller
  artifactKey: Guid(5bd903acc06598f4b922d7f932e736d5) Importer(815301076,1909f56bfc062723c751e8b465ee728b)
Start importing Assets/Animations/Bronze 0.controller using Guid(5bd903acc06598f4b922d7f932e736d5) Importer(815301076,1909f56bfc062723c751e8b465ee728b)  -> (artifact id: '0b5aa1167d3ffa2ee28b4a7bca0a90ee') in 0.017648 seconds
  Import took 0.020098 seconds .

========================================================================
Received Import Request.
  Time since last request: 2.317645 seconds.
  path: Assets/Animations/Gold.anim
  artifactKey: Guid(979a374fa76185b4e89d9bc4b3ef8822) Importer(815301076,1909f56bfc062723c751e8b465ee728b)
Start importing Assets/Animations/Gold.anim using Guid(979a374fa76185b4e89d9bc4b3ef8822) Importer(815301076,1909f56bfc062723c751e8b465ee728b)  -> (artifact id: '278cc1d6f12d114fcb4af8a1b64b0088') in 0.005203 seconds
  Import took 0.007938 seconds .

========================================================================
Received Import Request.
  Time since last request: 0.000816 seconds.
  path: Assets/Animations/Gold.anim
  artifactKey: Guid(979a374fa76185b4e89d9bc4b3ef8822) Importer(815301076,1909f56bfc062723c751e8b465ee728b)
Start importing Assets/Animations/Gold.anim using Guid(979a374fa76185b4e89d9bc4b3ef8822) Importer(815301076,1909f56bfc062723c751e8b465ee728b)  -> (artifact id: '278cc1d6f12d114fcb4af8a1b64b0088') in 0.005788 seconds
  Import took 0.008070 seconds .

========================================================================
Received Import Request.
  Time since last request: 24.778069 seconds.
  path: Assets/Animations/Idle 0.controller
  artifactKey: Guid(65772f498a1209544893928ca4379039) Importer(815301076,1909f56bfc062723c751e8b465ee728b)
Start importing Assets/Animations/Idle 0.controller using Guid(65772f498a1209544893928ca4379039) Importer(815301076,1909f56bfc062723c751e8b465ee728b)  -> (artifact id: 'd3d2403678c6bb267506aeed199938d5') in 0.010042 seconds
  Import took 0.012539 seconds .

========================================================================
Received Import Request.
  Time since last request: 11.737676 seconds.
  path: Assets/Animations/Gold.controller
  artifactKey: Guid(5bd903acc06598f4b922d7f932e736d5) Importer(815301076,1909f56bfc062723c751e8b465ee728b)
Start importing Assets/Animations/Gold.controller using Guid(5bd903acc06598f4b922d7f932e736d5) Importer(815301076,1909f56bfc062723c751e8b465ee728b)  -> (artifact id: 'd007d221ca40b9e2ce990aad5749a81d') in 0.009908 seconds
  Import took 0.012299 seconds .

========================================================================
Received Prepare
Registering precompiled user dll's ...
Registered in 0.001304 seconds.
Begin MonoManager ReloadAssembly
Native extension for WindowsStandalone target not found
Refreshing native plugins compatible for Editor in 0.22 ms, found 0 plugins.
Preloading 0 native plugins for Editor in 0.00 ms.
Invoked RoslynAnalysisRunner static constructor.
RoslynAnalysisRunner will not be running.
RoslynAnalysisRunner has terminated.
Mono: successfully reloaded assembly
- Completed reload, in  0.837 seconds
Platform modules already initialized, skipping
Refreshing native plugins compatible for Editor in 0.23 ms, found 0 plugins.
Preloading 0 native plugins for Editor in 0.00 ms.
Unloading 1193 Unused Serialized files (Serialized files now loaded: 0)
System memory in use before: 63.4 MB.
System memory in use after: 63.5 MB.

Unloading 4 unused Assets to reduce memory usage. Loaded Objects now: 1774.
Total: 1.589200 ms (FindLiveObjects: 0.150000 ms CreateObjectMapping: 0.040400 ms MarkObjects: 1.384700 ms  DeleteObjects: 0.013200 ms)

========================================================================
Received Prepare
Registering precompiled user dll's ...
Registered in 0.001640 seconds.
Begin MonoManager ReloadAssembly
Native extension for WindowsStandalone target not found
Refreshing native plugins compatible for Editor in 0.31 ms, found 0 plugins.
Preloading 0 native plugins for Editor in 0.00 ms.
Invoked RoslynAnalysisRunner static constructor.
RoslynAnalysisRunner will not be running.
RoslynAnalysisRunner has terminated.
Mono: successfully reloaded assembly
- Completed reload, in  0.883 seconds
Platform modules already initialized, skipping
Refreshing native plugins compatible for Editor in 0.25 ms, found 0 plugins.
Preloading 0 native plugins for Editor in 0.00 ms.
Unloading 1193 Unused Serialized files (Serialized files now loaded: 0)
System memory in use before: 63.4 MB.
System memory in use after: 63.5 MB.

Unloading 4 unused Assets to reduce memory usage. Loaded Objects now: 1777.
Total: 1.937100 ms (FindLiveObjects: 0.141300 ms CreateObjectMapping: 0.037400 ms MarkObjects: 1.742400 ms  DeleteObjects: 0.015100 ms)

AssetImportWorkerClient::OnTransportError - code=2 error=End of file
